node   1  (   0,    0) (   0,    0) (   0,    0) (   0,    0) (   0,    0) (   0,    0) (   0,    0) (   0,    0) (   0,    0) (   0,    0)
          (   0,    0) (   0,    0) (   0,    0) (   0,    0) (   0,    0) (   0,    0) (   0,    0) (   0,    0) (   0,    0) (   0,    0)
          (   0,    0) (   0,    0) (   0,    0) (   0,    0) (   0,    0) (   0,    0) (   0,    0) (   0,    0) (   0,    0) (   0,    0)
          (   0,    0) (   0,    0) (   0,    0) (   0,    0) (   0,    0) (   0,    0) (   0,    0) (   0,    0) (   0,    0) (   0,    0)
          (   0,    0) (   0,    0) (   0,    0) (   0,    0) (   0,    0) (   0,    0) (   0,    0) (   0,    0) (   0,    0) (   0,    0)
          (   0,    0) (   0,    0) (   0,    0) (   0,    0) (   0,    0) (   0,    0) (   0,    0) (   0,    0) (   0,    0) (   0,    0)
          (   0,    0) (   0,    0) (   0,    0) (   0,    0) (   0,    0) (   0,    0) (   0,    0) (   0,    0) (   0,    0) (   0,    0)
          (   0,    0) (   0,    0) (   0,    0) (   0,    0) (   0,    0) (   0,    0) (   0,    0) (   0,    0) (   0,    0) (   0,    0)
          (   0,    0) (   0,    0) (   0,    0) (   0,    0) (   0,    0) (   0,    0) (   0,    0) (   0,    0) (   0,    0) (   0,    0)
          (   0,    0) (   0,    0) (   0,    0) (   0,    0) (   0,    0) (   0,    0) (   0,    0) (   0,    0) (   0,    0) (   0,    0)
          (  42,    0) (  33,   33) (  25,   42) (  25,    8) (  25,    8) (  25,    8) (  25,    8) (  25,    8) (  25,    8) (  25,    8)
          (  25,    8) (  25,    8) (  25,    8) (  25,    8) (  25,    8) (  25,    8) (  25,    8) (  25,    8) (  25,    8) (  25,    8)
          (  25,    8) (  25,    8) (  25,    8) (  25,    8) (  25,    8) (  25,    8) (  25,    8) (  25,    8) (  25,    8) (  25,    8)
          (  25,    8) (  25,    8) (  25,    8) (  25,    8) (  25,    8) (  25,    8) (  25,    8) (  25,    8) (  25,    8) (  25,    8)
          (  25,    8) (  25,    8) (  25,    8) (  25,    8) (  25,    8) (  25,    8) (  25,    8) (  25,    8) (  25,    8) (  25,    8)
          (  25,    8) (  25,    8) (  25,    8) (  25,    8) (  25,    8) (  25,    8) (  25,    8) (  25,    8) (  25,    8) (  25,    8)
          (  25,    8) (  25,    8) (  25,    8) (  25,    8) (  25,    8) (  25,    8) (  25,    8) (  25,    8) (  25,    8) (  25,    8)
          (  25,    8) (  25,    8) (  25,    8) (  25,    8) (  25,    8) (  25,    8) (  25,    8) (  25,    0) (  25,    0) (  25,    0)
          (  25,    0) (  25,    0) (  25,    0) (  25,    0) (  25,    0) (  25,    0) (  25,    0) (  25,    0) (  25,    0) (  25,    0)
          (  25,    0) (  25,    0) (  25,    0) (  25,    0) (  25,    0) (  25,    0) (  25,    0) (  25,    0) (  25,    0) (  25,    0)
          (  25,    0) (  25,    0) (  25,    0) (  25,    0) (  25,    0) (  25,    0) (  25,    8) (  25,   22) (  25,   22) (  25,   22)
          (  25,   22) (  25,   22) (  25,   22) (  25,   22) (  25,   22) (  25,   22) (  25,   22) (  25,   22) (  25,   22) (  25,   22)
          (  25,   22) (  25,   22) (  25,   22) (  25,   22) (  25,   22) (  25,   22) (  25,   22) (  25,    0) (  25,    0) (  25,    0)
          (  25,    0) (  25,    0) (  25,    0) (  25,    0) (  25,    0) (  25,    0) (  25,    0) (  25,    0) (  25,    0) (  25,    0)
          (  25,    0) (  25,    0) (  25,    0) (  25,    0) (  25,    0) (  25,    0) (  25,    0) (  25,    0) (  25,    0) (  25,    0)
          (  25,    0) (  25,    0) (  25,    0) (  25,   24) (  25,    3) (  25,    3) (  25,    3) (  25,    3) (  25,    3) (  25,    3)
          (  25,    3) (  25,    3) (  25,    3) (  25,    3) (  25,    3) (  25,    3) (  25,    3) (  25,    3) (  25,    3) (  25,    3)
          (  25,    3) (  25,    3) (  25,    3) (  25,    3) (  25,    3) (  25,    3) (  26,    4) (  25,    3) (  25,    3) (  25,    3)
          (  25,    3) (  25,    3) (  25,    3) (  25,    3) (  25,    3) (  25,    3) (  26,    4) (  25,    3) (  25,    3) (  25,    3)
          (  25,    3) (  25,    3) (  25,    3) (  25,    3) (  25,    3) (  25,    3) (  25,    3) (  25,    3) (  25,    3) (  25,    3)
          (  25,    3) (  25,    3) (  25,    3) (  25,    3) (  25,    3) (  25,    3) (  25,    3) (   5,    3) (  25,    3) (  25,    3)
          (  25,    3) (  25,    3) (  25,    3) (  25,    3) (  25,    3) (  25,    3) (  25,    3) (  25,    3) (  25,    3) (  25,    3)
          (  25,    3) (  25,    3) (  25,    3) (  25,    3) (  25,    3) (  25,    3) (  25,    3) (  25,    3) (  25,    3) (  25,    3)
          (  25,    3) (  25,    3) (  25,    3) (  25,    3) (  25,    3) (  25,    3) (  25,    3) (  25,    3) (  25,    3) (  25,    3)
          (  25,    3) (  25,    3) (  25,    3) (  25,    3) (  25,    3) (  25,    3) (  25,    3) (  25,    3) (  25,    3) (  25,    3)
          (  25,    3) (  25,    3) (  25,    3) (  25,    3) (  25,    3) (  25,    3) (  25,    3) (  25,    3) (  25,    3) (  25,    3)
          (  25,    3) (  25,    3) (  25,    3) (  25,    3) (  25,    3) (  25,    3) (  25,    3) (  25,    3) (  25,    3) (  25,    3)
          (  25,    3) (  25,    3) (  25,    3) (  25,    3) (  25,    3) (  25,    3) (  25,    3) (  25,    3) (  25,    3) (  25,    3)
          (  25,    3) (  25,    3) (  25,    3) (  25,    3) (  25,    3) (  25,    3) (  25,    3) (  25,    3) (  25,    3) (  25,    3)
          (  25,    3) (  25,    3) (  25,    3) (  25,    3) (  25,    3) (  25,    3) (  25,    3) (  25,    3) (  25,    3) (  25,    3)
          (  25,    3) (  25,    3) (  25,    3) (  25,    3) (  25,    3) (  25,    3) (  25,    3) (  25,    3) (  25,    3) (  25,    3)
          (  25,    3) (  25,    3) (  25,    3) (  25,    3) (  25,    3) (  25,    3) (  25,    3) (  25,    3) (  25,    3) (  25,    3)
          (  25,    3) (  25,    3) (  25,    3) (  25,    3) (  25,    3) (  25,    3) (  25,    3) (  25,    3) (  25,    3) (  25,    3)
          (  25,    3) (  25,    3) (  25,    3) (  25,    3) (  25,    3) (  25,    3) (  25,    3) (  25,    3) (  25,    3) (  25,    3)
          (  25,    3) (  25,    3) (  25,    3) (  25,    3) (  25,    3) (  25,    3) (  25,    3) (  25,    3) (  25,    3) (  25,    3)
          (  25,    3) (  25,    3) (  25,    3) (  25,    3) (  25,    3) (  25,    3) (  25,    3) (  25,    3) (  25,    3) (  25,    3)
          (  25,    3) (  25,    3) (  25,    3) (  25,    3) (  25,    3) (  25,    3) (  25,    3) (  25,    3) (  25,    3) (  25,    3)
          (  25,    3) (  25,    3) (  25,    3) (  25,    3) (  25,    3) (  25,    3) (  25,    3) (  25,    3) (  25,    3) (  25,    3)
          (  25,    3) (  25,    3) (  25,    3) (  25,    3) (  25,    3) (  25,    3) (  25,    3) (  25,    3) (  25,    3) (  25,    3)
          (  25,    3) (  25,    3) (  25,    3) (  25,    3) (  25,    3) (  25,    3) (  25,    3) (  25,    3) (  25,    3) (  25,    3)
          (  25,    3) (  25,    3) (  25,    3) (  25,    3) (  25,    3) (  25,    3) (  25,    3) (  25,    3) (  25,    3) (  25,    3)
          (  25,    3) (  25,    3) (  25,    3) (  25,    3) (  25,    3) (  25,    3) (  25,    3) (  25,    3) (  25,    3) (  25,    3)
          (  25,    3) (  25,    3) (  25,    3) (  25,    3) (  25,    3) (  25,    3) (  25,    3) (  25,    3) (  25,    3) (  25,    3)
          (  25,    3) (  25,    3) (  25,    3) (  25,    3) (  25,    3) (  25,    3) (  25,    3) (  25,    3) (  25,    3) (  25,    3)
          (  25,    3) (  25,    3) (  25,    3) (  25,    3) (  25,    3) (  25,    3) (  25,    3) (  25,    3) (  25,    3) (  25,    3)
          (  25,    3) (  25,    3) (  25,    3) (  25,    3) (  25,    3) (  25,    3) (  25,    3) (  25,    3) (  25,    3) (  25,    3)
          (  25,    3) (  25,    3) (  25,    3) (  25,    3) (  25,    3) (  25,    3) (  25,    3) (  25,    3) (  25,    3) (  25,    3)
          (  25,    3) (  25,    3) (  25,    3) (  25,    3) (  25,    3) (  25,    3) (  25,    3) (  25,    3) (  25,    3) (  25,    3)
          (  25,    3) (  25,    3) (  25,    3) (  25,    3) (  25,    3) (  25,    3) (  25,    3) (  25,    3) (  25,    3) (  25,    3)
          (  25,    3) (  25,    3) (  25,    3) (  25,    3) (  25,    3) (  25,    3) (  25,    3) (  25,    3) (  25,    3) (  25,    3)
          (  25,    3) (  25,    3) (  25,    3) (  25,    3) (  25,    3) (  25,    3) (  25,    3) (  25,    3) (  25,    3) (  25,    3)
          (  25,    3) (  25,    3) (  25,    3) (  25,    3) (  25,    3) (  25,    3) (  25,    3) (  25,    3) (  25,    3) (  25,    3)
          (  25,    3) (  25,    3) (  25,    3) (  25,    3) (  25,    3) (  25,    3) (  25,    3) (  25,    3) (  25,    3) (  25,    3)
          (  25,    3) (  25,    3) (  25,    3) (  25,    3) (  25,    3) (  25,    3) (  25,    3) (  25,    3) (  25,    3) (  25,    3)
          (  25,    3) (  25,    3) (  25,    3) (  25,    3) (  25,    3) (  25,    3) (  25,    3) (  25,    3) (  25,    3) (  25,    3)
          (  25,    3) (  25,    3) (  25,    3) (  25,    3) (  25,    3) (  25,    3) (  25,    3) (  25,    3) (  25,    3) (  25,    3)
          (  25,    3) (  25,    3) (  25,    3) (  25,    3) (  25,    3) (  25,    3) (  25,    3) (  25,    3) (  25,    3) (  25,    3)
          (  25,    3) (  25,    3) (  25,    3) (  25,    3) (  25,    3) (  25,    3) (  25,    3) (  25,    3) (  25,    3) (  25,    3)
          (  25,    3) (  25,    3) (  25,    3) (  25,    3) (  25,    3) (  25,    3) (  25,    3) (  25,    3) (  25,    3) (  25,    3)
          (  25,    3) (  25,    3) (  25,    3) (  25,    3) (  25,    3) (  25,    3) (  25,    3) (  25,    3) (  25,    3) (  25,    3)
         
node   1 sent_total  15007  recv_total   2479

node   2  (   0,    0) (   0,    0) (   0,    0) (   0,    0) (   0,    0) (   0,    0) (   0,    0) (   0,    0) (   0,    0) (   0,    0)
          (   0,    0) (   0,    0) (   0,    0) (   0,    0) (   0,    0) (   0,    0) (   0,    0) (   0,    0) (   0,    0) (   0,    0)
          (   0,    0) (   0,    0) (   0,    0) (   0,    0) (   0,    0) (   0,    0) (   0,    0) (   0,    0) (   0,    0) (   0,    0)
          (   0,    0) (   0,    0) (   0,    0) (   0,    0) (   0,    0) (   0,    0) (   0,    0) (   0,    0) (   0,    0) (   0,    0)
          (   0,    0) (   0,    0) (   0,    0) (   0,    0) (   0,    0) (   0,    0) (   0,    0) (   0,    0) (   0,    0) (   0,    0)
          (   0,    0) (   0,    0) (   0,    0) (   0,    0) (   0,    0) (   0,    0) (   0,    0) (   0,    0) (   0,    0) (   0,    0)
          (   0,    0) (   0,    0) (   0,    0) (   0,    0) (   0,    0) (   0,    0) (   0,    0) (   0,    0) (   0,    0) (   0,    0)
          (   0,    0) (   0,    0) (   0,    0) (   0,    0) (   0,    0) (   0,    0) (   0,    0) (   0,    0) (   0,    0) (   0,    0)
          (   0,    0) (   0,    0) (   0,    0) (   0,    0) (   0,    0) (   0,    0) (   0,    0) (   0,    0) (   0,    0) (   0,    0)
          (   0,    0) (   0,    0) (   0,    0) (   0,    0) (   0,    0) (   0,    0) (   0,    0) (   0,    0) (   0,    0) (   0,    0)
          (  21,    0) (  29,   29) (   7,   46) (   7,   25) (   7,   25) (   7,   25) (   7,   25) (   7,   25) (   7,   25) (   7,   25)
          (   7,   25) (   7,   25) (   7,   25) (   7,   25) (   7,   25) (   7,   25) (   7,   25) (   7,   25) (   7,   25) (   7,   25)
          (   7,   25) (   7,   25) (   7,   25) (   7,   25) (   7,   25) (   7,   25) (   7,   25) (   7,   25) (   7,   25) (   7,   25)
          (   7,   25) (   7,   25) (   7,   25) (   7,   25) (   7,   25) (   7,   25) (   7,   25) (   7,   25) (   7,   25) (   7,   25)
          (   7,   25) (   7,   25) (   7,   25) (   7,   25) (   7,   25) (   7,   25) (   7,   25) (   7,   25) (   7,   25) (   7,   25)
          (   7,   25) (   7,   25) (   7,   25) (   7,   25) (   7,   25) (   7,   25) (   7,   25) (   7,   25) (   7,   25) (   7,   25)
          (   7,   25) (   7,   25) (   7,   25) (   7,   25) (   7,   25) (   7,   25) (   7,   25) (   7,   25) (   7,   25) (   7,   25)
          (   7,   25) (   7,   25) (   7,   25) (   7,   25) (   7,   25) (   7,   25) (   7,   25) (   7,   25) (   7,   25) (   7,   25)
          (   7,   25) (   7,   25) (   7,   25) (   7,   25) (   7,   25) (   7,   25) (   7,   25) (   7,   25) (   7,   25) (   7,   25)
          (   7,   25) (   7,   25) (   7,   25) (   7,   25) (   7,   25) (   7,   25) (   7,   25) (   7,   25) (   7,   25) (   7,   25)
          (   7,   25) (   7,   25) (   7,   25) (   7,   25) (   7,   25) (   7,   25) (   7,   25) (   7,   25) (   7,   25) (   7,   25)
          (   7,   25) (   7,   25) (   7,   25) (   7,   25) (   7,   25) (   7,   25) (   7,   25) (   7,   25) (   7,   25) (   7,   25)
          (   7,   25) (   7,   25) (   7,   25) (   7,   25) (   7,   25) (   7,   25) (   7,   25) (   7,   25) (   7,   25) (   7,   25)
          (   7,   25) (   7,   25) (   7,   25) (   7,   25) (   7,   25) (   7,   25) (   7,   25) (   7,   25) (   7,   25) (   7,   25)
          (   7,   25) (   7,   25) (   7,   25) (   7,   25) (   7,   25) (   7,   25) (   7,   25) (   7,   25) (   7,   25) (   7,   25)
          (   7,   25) (   7,   25) (   7,   25) (   7,   25) (   7,   25) (   7,   25) (   7,   25) (   7,   25) (   7,   25) (   7,   25)
          (   7,   25) (   7,   25) (   7,   25) (   7,   25) (   7,   25) (   7,   25) (   7,   25) (   7,   25) (   7,   25) (   7,   25)
          (   7,   25) (   7,   25) (   7,   25) (   7,   25) (   7,   25) (  10,   25) (   7,   25) (   7,   28) (   7,   25) (   7,   25)
          (   7,   25) (   7,   25) (   7,   25) (   7,   25) (   7,   25) (   7,   25) (   0,    0) (   0,    0) (   0,    0) (   0,    0)
          (   0,    0) (   0,    0) (   0,    0) (   0,    0) (   0,    0) (   0,    0) (   0,    0) (   0,    0) (   0,    0) (   0,    0)
          (   0,    0) (   0,    0) (   0,    0) (   0,    0) (   0,    0) (   0,    0) (   0,    0) (   0,    0) (   0,    0) (   0,    0)
          (   0,    0) (   0,    0) (   0,    0) (   0,    0) (   0,    0) (   0,    0) (   0,    0) (   0,    0) (   0,    0) (   0,    0)
          (   0,    0) (   0,    0) (   0,    0) (   0,    0) (   0,    0) (   0,    0) (   0,    0) (   0,    0) (   0,    0) (   0,    0)
          (   0,    0) (   0,    0) (   0,    0) (   0,    0) (   0,    0) (   0,    0) (   0,    0) (   0,    0) (   0,    0) (   0,    0)
          (   0,    0) (   0,    0) (   0,    0) (   0,    0) (   0,    0) (   0,    0) (   0,    0) (   0,    0) (   0,    0) (   0,    0)
          (   0,    0) (   0,    0) (   0,    0) (   0,    0) (   0,    0) (   0,    0) (   0,    0) (   0,    0) (   0,    0) (   0,    0)
          (   0,    0) (   0,    0) (   0,    0) (   0,    0) (   0,    0) (   0,    0) (   0,    0) (   0,    0) (   0,    0) (   0,    0)
          (   0,    0) (   0,    0) (   0,    0) (   0,    0) (   0,    0) (   0,    0) (   0,    0) (   0,    0) (   0,    0) (   0,    0)
          (   0,    0) (   0,    0) (   0,    0) (   0,    0) (   0,    0) (   0,    0) (   0,    0) (   0,    0) (   0,    0) (   0,    0)
          (   0,    0) (   0,    0) (   0,    0) (   0,    0) (   0,    0) (   0,    0) (   0,    0) (   0,    0) (   0,    0) (   0,    0)
          (   0,    0) (   0,    0) (   0,    0) (   0,    0) (   0,    0) (   0,    0) (   0,    0) (   0,    0) (   0,    0) (   0,    0)
          (   0,    0) (   0,    0) (   0,    0) (   0,    0) (   0,    0) (   0,    0) (   0,    0) (   0,    0) (   0,    0) (   0,    0)
          (   0,    0) (   0,    0) (   0,    0) (   0,    0) (   0,    0) (   0,    0) (   0,    0) (   0,    0) (   0,    0) (   0,    0)
          (   0,    0) (   0,    0) (   0,    0) (   0,    0) (   0,    0) (   0,    0) (   0,    0) (   0,    0) (   0,    0) (   0,    0)
          (   0,    0) (   0,    0) (   0,    0) (   0,    0) (   0,    0) (   0,    0) (   0,    0) (   0,    0) (   0,    0) (   0,    0)
          (   0,    0) (   0,    0) (   0,    0) (   0,    0) (   0,    0) (   0,    0) (   0,    0) (   0,    0) (   0,    0) (   0,    0)
          (   0,    0) (   0,    0) (   0,    0) (   0,    0) (   0,    0) (   0,    0) (   0,    0) (   0,    0) (   0,    0) (   0,    0)
          (   0,    0) (   0,    0) (   0,    0) (   0,    0) (   0,    0) (   0,    0) (   0,    0) (   0,    0) (   0,    0) (   0,    0)
          (   0,    0) (   0,    0) (   0,    0) (   0,    0) (   0,    0) (   0,    0) (   0,    0) (   0,    0) (   0,    0) (   0,    0)
          (   0,    0) (   0,    0) (   0,    0) (   0,    0) (   0,    0) (   0,    0) (   0,    0) (   0,    0) (   0,    0) (   0,    0)
          (   0,    0) (   0,    0) (   0,    0) (   0,    0) (   0,    0) (   0,    0) (   0,    0) (   0,    0) (   0,    0) (   0,    0)
          (   0,    0) (   0,    0) (   0,    0) (   0,    0) (   0,    0) (   0,    0) (   0,    0) (   0,    0) (   0,    0) (   0,    0)
          (   0,    0) (   0,    0) (   0,    0) (   0,    0) (   0,    0) (   0,    0) (   0,    0) (   0,    0) (   0,    0) (   0,    0)
          (   0,    0) (   0,    0) (   0,    0) (   0,    0) (   0,    0) (   0,    0) (   0,    0) (   0,    0) (   0,    0) (   0,    0)
          (   0,    0) (   0,    0) (   0,    0) (   0,    0) (   0,    0) (   0,    0) (   0,    0) (   0,    0) (   0,    0) (   0,    0)
          (   0,    0) (   0,    0) (   0,    0) (   0,    0) (   0,    0) (   0,    0) (   0,    0) (   0,    0) (   0,    0) (   0,    0)
          (   0,    0) (   0,    0) (   0,    0) (   0,    0) (   0,    0) (   0,    0) (   0,    0) (   0,    0) (   0,    0) (   0,    0)
          (   0,    0) (   0,    0) (   0,    0) (   0,    0) (   0,    0) (   0,    0) (   0,    0) (   0,    0) (   0,    0) (   0,    0)
          (   0,    0) (   0,    0) (   0,    0) (   0,    0) (   0,    0) (   0,    0) (   0,    0) (   0,    0) (   0,    0) (   0,    0)
          (   0,    0) (   0,    0) (   0,    0) (   0,    0) (   0,    0) (   0,    0) (   0,    0) (   0,    0) (   0,    0) (   0,    0)
          (   0,    0) (   0,    0) (   0,    0) (   0,    0) (   0,    0) (   0,    0) (   0,    0) (   0,    0) (   0,    0) (   0,    0)
          (   0,    0) (   0,    0) (   0,    0) (   0,    0) (   0,    0) (   0,    0) (   0,    0) (   0,    0) (   0,    0) (   0,    0)
          (   0,    0) (   0,    0) (   0,    0) (   0,    0) (   0,    0) (   0,    0) (   0,    0) (   0,    0) (   0,    0) (   0,    0)
          (   0,    0) (   0,    0) (   0,    0) (   0,    0) (   0,    0) (   0,    0) (   0,    0) (   0,    0) (   0,    0) (   0,    0)
          (   0,    0) (   0,    0) (   0,    0) (   0,    0) (   0,    0) (   0,    0) (   0,    0) (   0,    0) (   0,    0) (   0,    0)
          (   0,    0) (   0,    0) (   0,    0) (   0,    0) (   0,    0) (   0,    0) (   0,    0) (   0,    0) (   0,    0) (   0,    0)
          (   0,    0) (   0,    0) (   0,    0) (   0,    0) (   0,    0) (   0,    0) (   0,    0) (   0,    0) (   0,    0) (   0,    0)
          (   0,    0) (   0,    0) (   0,    0) (   0,    0) (   0,    0) (   0,    0) (   0,    0) (   0,    0) (   0,    0) (   0,    0)
          (   0,    0) (   0,    0) (   0,    0) (   0,    0) (   0,    0) (   0,    0) (   0,    0) (   0,    0) (   0,    0) (   0,    0)
          (   0,    0) (   0,    0) (   0,    0) (   0,    0) (   0,    0) (   0,    0) (   0,    0) (   0,    0) (   0,    0) (   0,    0)
         
node   2 sent_total   1341  recv_total   4653

node   3  (   0,    0) (   0,    0) (   0,    0) (   0,    0) (   0,    0) (   0,    0) (   0,    0) (   0,    0) (   0,    0) (   0,    0)
          (   0,    0) (   0,    0) (   0,    0) (   0,    0) (   0,    0) (   0,    0) (   0,    0) (   0,    0) (   0,    0) (   0,    0)
          (   0,    0) (   0,    0) (   0,    0) (   0,    0) (   0,    0) (   0,    0) (   0,    0) (   0,    0) (   0,    0) (   0,    0)
          (   0,    0) (   0,    0) (   0,    0) (   0,    0) (   0,    0) (   0,    0) (   0,    0) (   0,    0) (   0,    0) (   0,    0)
          (   0,    0) (   0,    0) (   0,    0) (   0,    0) (   0,    0) (   0,    0) (   0,    0) (   0,    0) (   0,    0) (   0,    0)
          (   0,    0) (   0,    0) (   0,    0) (   0,    0) (   0,    0) (   0,    0) (   0,    0) (   0,    0) (   0,    0) (   0,    0)
          (   0,    0) (   0,    0) (   0,    0) (   0,    0) (   0,    0) (   0,    0) (   0,    0) (   0,    0) (   0,    0) (   0,    0)
          (   0,    0) (   0,    0) (   0,    0) (   0,    0) (   0,    0) (   0,    0) (   0,    0) (   0,    0) (   0,    0) (   0,    0)
          (   0,    0) (   0,    0) (   0,    0) (   0,    0) (   0,    0) (   0,    0) (   0,    0) (   0,    0) (   0,    0) (   0,    0)
          (   0,    0) (   0,    0) (   0,    0) (   0,    0) (   0,    0) (   0,    0) (   0,    0) (   0,    0) (   0,    0) (   0,    0)
          (  24,    0) (  27,   27) (   2,   24) (   2,    8) (   2,    8) (   2,    8) (   2,    8) (   2,    8) (   2,    8) (   2,    8)
          (   2,    8) (   2,    8) (   2,    8) (   2,    8) (   2,    8) (   2,    8) (   2,    8) (   2,    8) (   2,    8) (   2,    8)
          (   2,    8) (   2,    8) (   2,    8) (   2,    8) (   2,    8) (   2,    8) (   2,    8) (   2,    8) (   2,    8) (   2,    8)
          (   2,    8) (   2,    8) (   2,    8) (   2,    8) (   2,    8) (   2,    8) (   2,    8) (   2,    8) (   2,    8) (   2,    8)
          (   2,    8) (   2,    8) (   2,    8) (   2,    8) (   2,    8) (   2,    8) (   2,    8) (   2,    8) (   2,    8) (   2,    8)
          (   2,    8) (   3,    9) (   2,    8) (   2,    8) (   2,    8) (   2,    8) (   2,    8) (   2,    8) (   2,    8) (   2,    8)
          (   2,    8) (   2,    8) (   2,    8) (   2,    8) (   2,    8) (   2,    8) (   2,    8) (   2,    8) (   2,    8) (   2,    8)
          (   2,    8) (   2,    8) (   2,    8) (   2,    8) (   2,    8) (   5,    8) (   3,    9) (   2,   10) (   2,    8) (   2,    8)
          (   2,    8) (   2,    8) (   2,    8) (   2,    8) (   2,    8) (   2,    8) (   2,    8) (   2,    8) (   2,    8) (   2,    8)
          (   2,    8) (   2,    8) (   2,    8) (   2,    8) (   2,    8) (   2,    8) (   2,    8) (   2,    8) (   2,    8) (   2,    8)
          (   2,    8) (   2,    8) (  22,    8) (   2,    8) (   2,    8) (   2,    8) (   2,    8) (   2,    8) (   2,    8) (   2,    8)
          (   2,    8) (   2,    8) (   2,    8) (   2,    8) (   2,    8) (   2,    8) (   2,    8) (   2,    8) (   2,    8) (   2,    8)
          (   2,    8) (   2,    8) (   2,    8) (   2,    8) (   2,    8) (   5,    8) (   3,    9) (   2,    9) (   2,    8) (   2,    8)
          (   2,    8) (   2,    8) (   2,    8) (   2,    8) (   2,    8) (   2,    8) (   2,    8) (   2,    8) (   2,    8) (   2,    8)
          (   2,    8) (   2,    8) (   2,    8) (   2,    8) (   2,    8) (   2,    8) (   2,    8) (   2,    8) (   2,    8) (   2,    8)
          (   2,    8) (   2,    8) (  22,    8) (  22,    8) (   2,    8) (   2,    8) (   2,    8) (   2,    8) (   2,    8) (   2,    8)
          (   2,    8) (   2,    8) (   2,    8) (   2,    8) (   2,    8) (   2,    8) (   2,    8) (   2,    8) (   2,    8) (   2,    8)
          (   2,    8) (   2,    8) (   2,    8) (   2,    8) (   2,    8) (   2,    8) (   3,    9) (   2,    8) (   2,    8) (   2,    8)
          (   2,    8) (   2,    8) (   2,    8) (   2,    8) (   2,    8) (   2,    8) (   3,    9) (   2,    8) (   2,    8) (   2,    8)
          (   2,    8) (   2,    8) (   2,    8) (   2,    8) (   2,    8) (   2,    8) (   2,    8) (   2,    8) (   2,    8) (   2,    8)
          (   2,    8) (   2,    8) (   2,    8) (   2,    8) (   2,    8) (   2,    8) (   2,    8) (   2,    8) (   2,    8) (   2,    8)
          (   2,    8) (   2,    8) (   2,    8) (   2,    8) (   2,    8) (   2,    8) (   2,    8) (   2,    8) (   2,    8) (   2,    8)
          (   2,    8) (   2,    8) (   2,    8) (   2,    8) (   2,    8) (   2,    8) (   2,    8) (   2,    8) (   2,    8) (   2,    8)
          (   2,    8) (   2,    8) (   2,    8) (   2,    8) (   2,    8) (   2,    8) (   2,    8) (   2,    8) (   2,    8) (   2,    8)
          (   2,    8) (   2,    8) (   2,    8) (   2,    8) (   2,    8) (   2,    8) (   2,    8) (   2,    8) (   2,    8) (   2,    8)
          (   2,    8) (   2,    8) (   2,    8) (   2,    8) (   2,    8) (   2,    8) (   2,    8) (   2,    8) (   2,    8) (   2,    8)
          (   2,    8) (   2,    8) (   2,    8) (   2,    8) (   2,    8) (   2,    8) (   2,    8) (   2,    8) (   2,    8) (   2,    8)
          (   2,    8) (   2,    8) (   2,    8) (   2,    8) (   2,    8) (   2,    8) (   2,    8) (   2,    8) (   2,    8) (   2,    8)
          (   2,    8) (   2,    8) (   2,    8) (   2,    8) (   2,    8) (   2,    8) (   2,    8) (   2,    8) (   2,    8) (   2,    8)
          (   2,    8) (   2,    8) (   2,    8) (   2,    8) (   2,    8) (   2,    8) (   2,    8) (   2,    8) (   2,    8) (   2,    8)
          (   2,    8) (   2,    8) (   2,    8) (   2,    8) (   2,    8) (   2,    8) (   2,    8) (   2,    8) (   2,    8) (   2,    8)
          (   2,    8) (   2,    8) (   2,    8) (   2,    8) (   2,    8) (   2,    8) (   2,    8) (   2,    8) (   2,    8) (   2,    8)
          (   2,    8) (   2,    8) (   2,    8) (   2,    8) (   2,    8) (   2,    8) (   2,    8) (   2,    8) (   2,    8) (   2,    8)
          (   2,    8) (   2,    8) (   2,    8) (   2,    8) (   2,    8) (   2,    8) (   2,    8) (   2,    8) (   2,    8) (   2,    8)
          (   2,    8) (   2,    8) (   2,    8) (   2,    8) (   2,    8) (   2,    8) (   2,    8) (   2,    8) (   2,    8) (   2,    8)
          (   2,    8) (   2,    8) (   2,    8) (   2,    8) (   2,    8) (   2,    8) (   2,    8) (   2,    8) (   2,    8) (   2,    8)
          (   2,    8) (   2,    8) (   2,    8) (   2,    8) (   2,    8) (   2,    8) (   2,    8) (   2,    8) (   2,    8) (   2,    8)
          (   2,    8) (   2,    8) (   2,    8) (   2,    8) (   2,    8) (   2,    8) (   2,    8) (   2,    8) (   2,    8) (   2,    8)
          (   2,    8) (   2,    8) (   2,    8) (   2,    8) (   2,    8) (   2,    8) (   2,    8) (   2,    8) (   2,    8) (   2,    8)
          (   2,    8) (   2,    8) (   2,    8) (   2,    8) (   2,    8) (   2,    8) (   2,    8) (   2,    8) (   2,    8) (   2,    8)
          (   2,    8) (   2,    8) (   2,    8) (   2,    8) (   2,    8) (   2,    8) (   2,    8) (   2,    8) (   2,    8) (   2,    8)
          (   2,    8) (   2,    8) (   2,    8) (   2,    8) (   2,    8) (   2,    8) (   2,    8) (   2,    8) (   2,    8) (   2,    8)
          (   2,    8) (   2,    8) (   2,    8) (   2,    8) (   2,    8) (   2,    8) (   2,    8) (   2,    8) (   2,    8) (   2,    8)
          (   2,    8) (   2,    8) (   2,    8) (   2,    8) (   2,    8) (   2,    8) (   2,    8) (   2,    8) (   2,    8) (   2,    8)
          (   2,    8) (   2,    8) (   2,    8) (   2,    8) (   2,    8) (   2,    8) (   2,    8) (   2,    8) (   2,    8) (   2,    8)
          (   2,    8) (   2,    8) (   2,    8) (   2,    8) (   2,    8) (   2,    8) (   2,    8) (   2,    8) (   2,    8) (   2,    8)
          (   2,    8) (   2,    8) (   2,    8) (   2,    8) (   2,    8) (   2,    8) (   2,    8) (   2,    8) (   2,    8) (   2,    8)
          (   2,    8) (   2,    8) (   2,    8) (   2,    8) (   2,    8) (   2,    8) (   2,    8) (   2,    8) (   2,    8) (   2,    8)
          (   2,    8) (   2,    8) (   2,    8) (   2,    8) (   2,    8) (   2,    8) (   2,    8) (   2,    8) (   2,    8) (   2,    8)
          (   2,    8) (   2,    8) (   2,    8) (   2,    8) (   2,    8) (   2,    8) (   2,    8) (   2,    8) (   2,    8) (   2,    8)
          (   2,    8) (   2,    8) (   2,    8) (   2,    8) (   2,    8) (   2,    8) (   2,    8) (   2,    8) (   2,    8) (   2,    8)
          (   2,    8) (   2,    8) (   2,    8) (   2,    8) (   2,    8) (   2,    8) (   2,    8) (   2,    8) (   2,    8) (   2,    8)
          (   2,    8) (   2,    8) (   2,    8) (   2,    8) (   2,    8) (   2,    8) (   2,    8) (   2,    8) (   2,    8) (   2,    8)
          (   2,    8) (   2,    8) (   2,    8) (   2,    8) (   2,    8) (   2,    8) (   2,    8) (   2,    8) (   2,    8) (   2,    8)
          (   2,    8) (   2,    8) (   2,    8) (   2,    8) (   2,    8) (   2,    8) (   2,    8) (   2,    8) (   2,    8) (   2,    8)
          (   2,    8) (   2,    8) (   2,    8) (   2,    8) (   2,    8) (   2,    8) (   2,    8) (   2,    8) (   2,    8) (   2,    8)
          (   2,    8) (   2,    8) (   2,    8) (   2,    8) (   2,    8) (   2,    8) (   2,    8) (   2,    8) (   2,    8) (   2,    8)
          (   2,    8) (   2,    8) (   2,    8) (   2,    8) (   2,    8) (   2,    8) (   2,    8) (   2,    8) (   2,    8) (   2,    8)
          (   2,    8) (   2,    8) (   2,    8) (   2,    8) (   2,    8) (   2,    8) (   2,    8) (   2,    8) (   2,    8) (   2,    8)
          (   2,    8) (   2,    8) (   2,    8) (   2,    8) (   2,    8) (   2,    8) (   2,    8) (   2,    8) (   2,    8) (   2,    8)
         
node   3 sent_total   1318  recv_total   4835

node   4  (   0,    0) (   0,    0) (   0,    0) (   0,    0) (   0,    0) (   0,    0) (   0,    0) (   0,    0) (   0,    0) (   0,    0)
          (   0,    0) (   0,    0) (   0,    0) (   0,    0) (   0,    0) (   0,    0) (   0,    0) (   0,    0) (   0,    0) (   0,    0)
          (   0,    0) (   0,    0) (   0,    0) (   0,    0) (   0,    0) (   0,    0) (   0,    0) (   0,    0) (   0,    0) (   0,    0)
          (   0,    0) (   0,    0) (   0,    0) (   0,    0) (   0,    0) (   0,    0) (   0,    0) (   0,    0) (   0,    0) (   0,    0)
          (   0,    0) (   0,    0) (   0,    0) (   0,    0) (   0,    0) (   0,    0) (   0,    0) (   0,    0) (   0,    0) (   0,    0)
          (   0,    0) (   0,    0) (   0,    0) (   0,    0) (   0,    0) (   0,    0) (   0,    0) (   0,    0) (   0,    0) (   0,    0)
          (   0,    0) (   0,    0) (   0,    0) (   0,    0) (   0,    0) (   0,    0) (   0,    0) (   0,    0) (   0,    0) (   0,    0)
          (   0,    0) (   0,    0) (   0,    0) (   0,    0) (   0,    0) (   0,    0) (   0,    0) (   0,    0) (   0,    0) (   0,    0)
          (   0,    0) (   0,    0) (   0,    0) (   0,    0) (   0,    0) (   0,    0) (   0,    0) (   0,    0) (   0,    0) (   0,    0)
          (   0,    0) (   0,    0) (   0,    0) (   0,    0) (   0,    0) (   0,    0) (   0,    0) (   0,    0) (   0,    0) (   0,    0)
          (  39,    0) (  13,   13) (   3,   39) (   3,   17) (   3,   17) (   3,   17) (   3,   17) (   3,   17) (   3,   17) (   3,   17)
          (   3,   17) (   3,   17) (   3,   17) (   3,   17) (   3,   17) (   3,   17) (   3,   17) (   3,   17) (   3,   17) (   3,   17)
          (   3,   17) (   3,   17) (   3,   17) (   3,   17) (   3,   17) (   3,   17) (   3,   17) (   3,   17) (   3,   17) (   3,   17)
          (   3,   17) (   3,   17) (   3,   17) (   3,   17) (   3,   17) (   3,   17) (   3,   17) (   3,   17) (   3,   17) (   3,   17)
          (   3,   17) (   3,   17) (   3,   17) (   3,   17) (   3,   17) (   3,   17) (   3,   17) (   3,   17) (   3,   17) (   3,   17)
          (   3,   17) (   3,   17) (   3,   17) (   3,   17) (   3,   17) (   3,   17) (   3,   17) (   3,   17) (   3,   17) (   3,   17)
          (   3,   17) (   3,   17) (   3,   17) (   3,   17) (   3,   17) (   3,   17) (   3,   17) (   3,   17) (   3,   17) (   3,   17)
          (   3,   17) (   3,   17) (   3,   17) (   3,   17) (   3,   17) (   3,   17) (   3,   17) (   3,   17) (   3,   17) (   3,   17)
          (   3,   17) (   3,   17) (   3,   17) (   3,   17) (   3,   17) (   3,   17) (   3,   17) (   3,   17) (   3,   17) (   3,   17)
          (   3,   17) (   3,   17) (   3,   17) (   3,   17) (   3,   17) (   3,   17) (   3,   17) (   3,   17) (   3,   17) (   3,   17)
          (   3,   17) (   3,   17) (   3,   17) (   3,   17) (   3,   17) (   3,   17) (   3,   17) (   3,   17) (   3,   17) (   3,   17)
          (   3,   17) (   3,   17) (   3,   17) (   3,   17) (   3,   17) (   3,   17) (   3,   17) (   3,   17) (   3,   17) (   3,   17)
          (   3,   17) (   3,   17) (   3,   17) (   3,   17) (   3,   17) (   3,   17) (   3,   17) (   3,   17) (   3,   17) (   3,   17)
          (   3,   17) (   3,   17) (   3,   17) (   3,   17) (   3,   17) (   3,   17) (   3,   17) (   3,   17) (   3,   17) (   3,   17)
          (   3,   17) (   3,   17) (   3,   17) (   3,   17) (   3,   17) (   3,   17) (   3,   17) (   3,   17) (   3,   17) (   3,   17)
          (   3,   17) (   3,   17) (   2,   17) (   3,   17) (   3,   17) (   3,   17) (   3,   17) (   3,   17) (   3,   17) (   3,   17)
          (   3,   17) (   3,   17) (   3,   17) (   3,   17) (   3,   17) (   3,   17) (   3,   17) (   3,   17) (   3,   17) (   3,   17)
          (   3,   17) (   3,   17) (   3,   17) (   3,   17) (   3,   17) (   3,   17) (   3,   17) (   3,   17) (   3,   17) (   3,   17)
          (   3,   17) (   3,   17) (   3,   17) (   3,   17) (   3,   17) (   6,   17) (   4,   18) (   3,   20) (   3,   17) (   3,   17)
          (   3,   17) (   3,   17) (   3,   17) (   3,   17) (   3,   17) (   3,   17) (   3,   17) (   3,   17) (   3,   17) (   3,   17)
          (   3,   17) (   3,   17) (   3,   17) (   3,   17) (   3,   17) (   3,   17) (   3,   17) (   3,   17) (   3,    0) (   3,   17)
          (   3,   17) (   3,   17) (   3,   17) (   3,   17) (   3,   17) (   3,   17) (   3,   17) (   3,   17) (   3,   17) (   3,   17)
          (   3,   17) (   3,   17) (   3,   17) (   3,   17) (   3,   17) (   3,   17) (   3,   17) (   3,   17) (   3,   17) (   3,   17)
          (   3,   17) (   3,   17) (   3,   17) (   3,   17) (   3,   17) (   3,   17) (   3,   17) (   3,   17) (   3,   17) (   3,   17)
          (   3,   17) (   3,   17) (   3,   17) (   3,   17) (   3,   17) (   3,   17) (   3,   17) (   3,   17) (   3,   17) (   3,   17)
          (   3,   17) (   3,   17) (   3,   17) (   3,   17) (   3,   17) (   3,   17) (   3,   17) (   3,   17) (   3,   17) (   3,   17)
          (   3,   17) (   3,   17) (   3,   17) (   3,   17) (   3,   17) (   3,   17) (   3,   17) (   3,   17) (   3,   17) (   3,   17)
          (   3,   17) (   3,   17) (   3,   17) (   3,   17) (   3,   17) (   3,   17) (   3,   17) (   3,   17) (   3,   17) (   3,   17)
          (   3,   17) (   3,   17) (   3,   17) (   3,   17) (   3,   17) (   3,   17) (   3,   17) (   3,   17) (   3,   17) (   3,   17)
          (   3,   17) (   3,   17) (   3,   17) (   3,   17) (   3,   17) (   3,   17) (   3,   17) (   3,   17) (   3,   17) (   3,   17)
          (   3,   17) (   3,   17) (   3,   17) (   3,   17) (   3,   17) (   3,   17) (   3,   17) (   3,   17) (   3,   17) (   3,   17)
          (   3,   17) (   3,   17) (   3,   17) (   3,   17) (   3,   17) (   3,   17) (   3,   17) (   3,   17) (   3,   17) (   3,   17)
          (   3,   17) (   3,   17) (   3,   17) (   3,   17) (   3,   17) (   3,   17) (   3,   17) (   3,   17) (   3,   17) (   3,   17)
          (   3,   17) (   3,   17) (   3,   17) (   3,   17) (   3,   17) (   3,   17) (   3,   17) (   3,   17) (   3,   17) (   3,   17)
          (   3,   17) (   3,   17) (   3,   17) (   3,   17) (   3,   17) (   3,   17) (   3,   17) (   3,   17) (   3,   17) (   3,   17)
          (   3,   17) (   3,   17) (   3,   17) (   3,   17) (   3,   17) (   3,   17) (   3,   17) (   3,   17) (   3,   17) (   3,   17)
          (   3,   17) (   3,   17) (   3,   17) (   3,   17) (   3,   17) (   3,   17) (   3,   17) (   3,   17) (   3,   17) (   3,   17)
          (   3,   17) (   3,   17) (   3,   17) (   3,   17) (   3,   17) (   3,   17) (   3,   17) (   3,   17) (   3,   17) (   3,   17)
          (   3,   17) (   3,   17) (   3,   17) (   3,   17) (   3,   17) (   3,   17) (   3,   17) (   3,   17) (   3,   17) (   3,   17)
          (   3,   17) (   3,   17) (   3,   17) (   3,   17) (   3,   17) (   3,   17) (   3,   17) (   3,   17) (   3,   17) (   3,   17)
          (   3,   17) (   3,   17) (   3,   17) (   3,   17) (   3,   17) (   3,   17) (   3,   17) (   3,   17) (   3,   17) (   3,   17)
          (   3,   17) (   3,   17) (   3,   17) (   3,   17) (   3,   17) (   3,   17) (   3,   17) (   3,   17) (   3,   17) (   3,   17)
          (   3,   17) (   3,   17) (   3,   17) (   3,   17) (   3,   17) (   3,   17) (   3,   17) (   3,   17) (   3,   17) (   3,   17)
          (   3,   17) (   3,   17) (   3,   17) (   3,   17) (   3,   17) (   3,   17) (   3,   17) (   3,   17) (   3,   17) (   3,   17)
          (   3,   17) (   3,   17) (   3,   17) (   3,   17) (   3,   17) (   3,   17) (   3,   17) (   3,   17) (   3,   17) (   3,   17)
          (   3,   17) (   3,   17) (   3,   17) (   3,   17) (   3,   17) (   3,   17) (   3,   17) (   3,   17) (   3,   17) (   3,   17)
          (   3,   17) (   3,   17) (   3,   17) (   3,   17) (   3,   17) (   3,   17) (   3,   17) (   3,   17) (   3,   17) (   3,   17)
          (   3,   17) (   3,   17) (   3,   17) (   3,   17) (   3,   17) (   3,   17) (   3,   17) (   3,   17) (   3,   17) (   3,   17)
          (   3,   17) (   3,   17) (   3,   17) (   3,   17) (   3,   17) (   3,   17) (   3,   17) (   3,   17) (   3,   17) (   3,   17)
          (   3,   17) (   3,   17) (   3,   17) (   3,   17) (   3,   17) (   3,   17) (   3,   17) (   3,   17) (   3,   17) (   3,   17)
          (   3,   17) (   3,   17) (   3,   17) (   3,   17) (   3,   17) (   3,   17) (   3,   17) (   3,   17) (   3,   17) (   3,   17)
          (   3,   17) (   3,   17) (   3,   17) (   3,   17) (   3,   17) (   3,   17) (   3,   17) (   3,   17) (   3,   17) (   3,   17)
          (   3,   17) (   3,   17) (   3,   17) (   3,   17) (   3,   17) (   3,   17) (   3,   17) (   3,   17) (   3,   17) (   3,   17)
          (   3,   17) (   3,   17) (   3,   17) (   3,   17) (   3,   17) (   3,   17) (   3,   17) (   3,   17) (   3,   17) (   3,   17)
          (   3,   17) (   3,   17) (   3,   17) (   3,   17) (   3,   17) (   3,   17) (   3,   17) (   3,   17) (   3,   17) (   3,   17)
          (   3,   17) (   3,   17) (   3,   17) (   3,   17) (   3,   17) (   3,   17) (   3,   17) (   3,   17) (   3,   17) (   3,   17)
          (   3,   17) (   3,   17) (   3,   17) (   3,   17) (   3,   17) (   3,   17) (   3,   17) (   3,   17) (   3,   17) (   3,   17)
          (   3,   17) (   3,   17) (   3,   17) (   3,   17) (   3,   17) (   3,   17) (   3,   17) (   3,   17) (   3,   17) (   3,   17)
          (   3,   17) (   3,   17) (   3,   17) (   3,   17) (   3,   17) (   3,   17) (   3,   17) (   3,   17) (   3,   17) (   3,   17)
          (   3,   17) (   3,   17) (   3,   17) (   3,   17) (   3,   17) (   3,   17) (   3,   17) (   3,   17) (   3,   17) (   3,   17)
         
node   4 sent_total   1849  recv_total  10188

node   5  (   0,    0) (   0,    0) (   0,    0) (   0,    0) (   0,    0) (   0,    0) (   0,    0) (   0,    0) (   0,    0) (   0,    0)
          (   0,    0) (   0,    0) (   0,    0) (   0,    0) (   0,    0) (   0,    0) (   0,    0) (   0,    0) (   0,    0) (   0,    0)
          (   0,    0) (   0,    0) (   0,    0) (   0,    0) (   0,    0) (   0,    0) (   0,    0) (   0,    0) (   0,    0) (   0,    0)
          (   0,    0) (   0,    0) (   0,    0) (   0,    0) (   0,    0) (   0,    0) (   0,    0) (   0,    0) (   0,    0) (   0,    0)
          (   0,    0) (   0,    0) (   0,    0) (   0,    0) (   0,    0) (   0,    0) (   0,    0) (   0,    0) (   0,    0) (   0,    0)
          (   0,    0) (   0,    0) (   0,    0) (   0,    0) (   0,    0) (   0,    0) (   0,    0) (   0,    0) (   0,    0) (   0,    0)
          (   0,    0) (   0,    0) (   0,    0) (   0,    0) (   0,    0) (   0,    0) (   0,    0) (   0,    0) (   0,    0) (   0,    0)
          (   0,    0) (   0,    0) (   0,    0) (   0,    0) (   0,    0) (   0,    0) (   0,    0) (   0,    0) (   0,    0) (   0,    0)
          (   0,    0) (   0,    0) (   0,    0) (   0,    0) (   0,    0) (   0,    0) (   0,    0) (   0,    0) (   0,    0) (   0,    0)
          (   0,    0) (   0,    0) (   0,    0) (   0,    0) (   0,    0) (   0,    0) (   0,    0) (   0,    0) (   0,    0) (   0,    0)
          (  15,    0) (  28,   28) (   8,   22) (   8,    7) (   8,    7) (   8,    7) (   8,    7) (   8,    7) (   8,    7) (   8,    7)
          (   8,    7) (   8,    7) (   8,    7) (   8,    7) (   8,    7) (   8,    7) (   8,    7) (   8,    7) (   8,    7) (   8,    7)
          (   8,    7) (   8,    7) (   8,    7) (   8,    7) (   8,    7) (   8,    7) (   8,    7) (   8,    7) (   8,    7) (   8,    7)
          (   8,    7) (   8,    7) (   8,    7) (   8,    7) (   8,    7) (   8,    7) (   8,    7) (   8,    7) (   8,    7) (   8,    7)
          (   8,    7) (   8,    7) (   8,    7) (   8,    7) (   8,    7) (   8,    7) (   8,    7) (   8,    7) (   8,    7) (   8,    7)
          (   8,    7) (   8,    7) (   8,    7) (   8,    7) (   8,    7) (   8,    7) (   8,    7) (   8,    7) (   8,    7) (   8,    7)
          (   8,    7) (   8,    7) (   8,    7) (   8,    7) (   8,    7) (   8,    7) (   8,    7) (   8,    7) (   8,    7) (   8,    7)
          (   8,    7) (   8,    7) (   8,    7) (   8,    7) (   8,    7) (   8,    7) (   8,    7) (   8,    7) (   8,    7) (   8,    7)
          (   8,    7) (   8,    7) (   8,    7) (   8,    7) (   8,    7) (   8,    7) (   8,    7) (   8,    7) (   8,    7) (   8,    7)
          (   8,    7) (   8,    7) (   8,    7) (   8,    7) (   8,    7) (   8,    7) (   8,    7) (   8,    7) (   8,    7) (   8,    7)
          (   8,    7) (   8,    7) (   8,    7) (   8,    7) (   8,    7) (   8,    7) (   8,    7) (   8,    7) (   8,    7) (   8,    7)
          (   8,    7) (   8,    7) (   8,    7) (   8,    7) (   8,    7) (   8,    7) (   8,    7) (   8,    7) (   8,    7) (   8,    7)
          (   8,    7) (   8,    7) (   8,    7) (   8,    7) (   8,    7) (   8,    7) (   8,    7) (   8,    7) (   8,    7) (   8,    7)
          (   8,    7) (   8,    7) (   8,    7) (   8,    7) (   8,    7) (   8,    7) (   8,    7) (   8,    7) (   8,    7) (   8,    7)
          (   8,    7) (   8,    7) (   8,    7) (   8,    7) (   8,    7) (   8,    7) (   8,    7) (   8,    7) (   8,    7) (   8,    7)
          (   8,    7) (   8,    7) (   8,    7) (   8,    7) (   8,    7) (   8,    7) (   8,    7) (   8,    7) (   8,    7) (   8,    7)
          (   8,    7) (   8,    7) (   8,    7) (   8,    7) (   8,    7) (   8,    7) (   8,    7) (   8,    7) (   8,    7) (   8,    7)
          (   8,    7) (   8,    7) (   8,    7) (   8,    7) (   8,    7) (   8,    7) (   8,    7) (   8,    7) (   8,    7) (   8,    7)
          (   8,    7) (   8,    7) (   8,    7) (   8,    7) (   8,    7) (   8,    7) (   9,    1) (   8,    0) (   8,    0) (   8,    0)
          (   8,    0) (   8,    0) (   8,    0) (   8,    0) (   8,    0) (   8,    0) (   8,    0) (   8,    0) (   8,    0) (   8,    0)
          (   8,    0) (   8,    0) (   8,    0) (   8,    0) (   8,    0) (   8,    0) (   8,    0) (   8,    0) (   8,    0) (   8,    0)
          (   8,    0) (   8,    0) (   8,    0) (   8,    7) (   8,    5) (   8,    5) (   8,    5) (   8,    5) (   8,    5) (   8,    5)
          (   8,    5) (   8,    5) (   8,    5) (   8,    5) (   8,    5) (   8,    5) (   8,    5) (   8,    5) (   8,    5) (   8,    5)
          (   8,    5) (   8,    5) (   8,    5) (   8,    5) (   8,    5) (   8,    5) (   8,    5) (   8,    5) (   8,    5) (   8,    5)
          (   8,    5) (   8,    5) (   8,    5) (   8,    5) (   8,    5) (   8,    5) (   8,    5) (   8,    5) (   8,    5) (   8,    5)
          (   8,    5) (   8,    5) (   8,    5) (   8,    5) (   8,    5) (   8,    5) (   8,    5) (   8,    5) (   8,    5) (   8,    5)
          (   8,    5) (   8,    5) (   8,    5) (   8,    5) (   8,    5) (   8,    5) (   8,    5) (   8,    5) (   8,    5) (   8,    5)
          (   8,    5) (   8,    5) (   8,    5) (   8,    5) (   8,    5) (   8,    5) (   8,    5) (   8,    5) (   8,    5) (   8,    5)
          (   8,    5) (   8,    5) (   8,    5) (   8,    5) (   8,    5) (   8,    5) (   8,    5) (   8,    5) (   8,    5) (   8,    5)
          (   8,    5) (   8,    5) (   8,    5) (   8,    5) (   8,    5) (   8,    5) (   8,    5) (   8,    5) (   8,    5) (   8,    5)
          (   8,    5) (   8,    5) (   8,    5) (   8,    5) (   8,    5) (   8,    5) (   8,    5) (   8,    5) (   8,    5) (   8,    5)
          (   8,    5) (   8,    5) (   8,    5) (   8,    5) (   8,    5) (   8,    5) (   8,    5) (   8,    5) (   8,    5) (   8,    5)
          (   8,    5) (   8,    5) (   8,    5) (   8,    5) (   8,    5) (   8,    5) (   8,    5) (   8,    5) (   8,    5) (   8,    5)
          (   8,    5) (   8,    5) (   8,    5) (   8,    5) (   8,    5) (   8,    5) (   8,    5) (   8,    5) (   8,    5) (   8,    5)
          (   8,    5) (   8,    5) (   8,    5) (   8,    5) (   8,    5) (   8,    5) (   8,    5) (   8,    5) (   8,    5) (   8,    5)
          (   8,    5) (   8,    5) (   8,    5) (   8,    5) (   8,    5) (   8,    5) (   8,    5) (   8,    5) (   8,    5) (   8,    5)
          (   8,    5) (   8,    5) (   8,    5) (   8,    5) (   8,    5) (   8,    5) (   8,    5) (   8,    5) (   8,    5) (   8,    5)
          (   8,    5) (   8,    5) (   8,    5) (   8,    5) (   8,    5) (   8,    5) (   8,    5) (   8,    5) (   8,    5) (   8,    5)
          (   8,    5) (   8,    5) (   8,    5) (   8,    5) (   8,    5) (   8,    5) (   8,    5) (   8,    5) (   8,    5) (   8,    5)
          (   8,    5) (   8,    5) (   8,    5) (   8,    5) (   8,    5) (   8,    5) (   8,    5) (   8,    5) (   8,    5) (   8,    5)
          (   8,    5) (   8,    5) (   8,    5) (   8,    5) (   8,    5) (   8,    5) (   8,    5) (   8,    5) (   8,    5) (   8,    5)
          (   8,    5) (   8,    5) (   8,    5) (   8,    5) (   8,    5) (   8,    5) (   8,    5) (   8,    5) (   8,    5) (   8,    5)
          (   8,    5) (   8,    5) (   8,    5) (   8,    5) (   8,    5) (   8,    5) (   8,    5) (   8,    5) (   8,    5) (   8,    5)
          (   8,    5) (   8,    5) (   8,    5) (   8,    5) (   8,    5) (   8,    5) (   8,    5) (   8,    5) (   8,    5) (   8,    5)
          (   8,    5) (   8,    5) (   8,    5) (   8,    5) (   8,    5) (   8,    5) (   8,    5) (   8,    5) (   8,    5) (   8,    5)
          (   8,    5) (   8,    5) (   8,    5) (   8,    5) (   8,    5) (   8,    5) (   8,    5) (   8,    5) (   8,    5) (   8,    5)
          (   8,    5) (   8,    5) (   8,    5) (   8,    5) (   8,    5) (   8,    5) (   8,    5) (   8,    5) (   8,    5) (   8,    5)
          (   8,    5) (   8,    5) (   8,    5) (   8,    5) (   8,    5) (   8,    5) (   8,    5) (   8,    5) (   8,    5) (   8,    5)
          (   8,    5) (   8,    5) (   8,    5) (   8,    5) (   8,    5) (   8,    5) (   8,    5) (   8,    5) (   8,    5) (   8,    5)
          (   8,    5) (   8,    5) (   8,    5) (   8,    5) (   8,    5) (   8,    5) (   8,    5) (   8,    5) (   8,    5) (   8,    5)
          (   8,    5) (   8,    5) (   8,    5) (   8,    5) (   8,    5) (   8,    5) (   8,    5) (   8,    5) (   8,    5) (   8,    5)
          (   8,    5) (   8,    5) (   8,    5) (   8,    5) (   8,    5) (   8,    5) (   8,    5) (   8,    5) (   8,    5) (   8,    5)
          (   8,    5) (   8,    5) (   8,    5) (   8,    5) (   8,    5) (   8,    5) (   8,    5) (   8,    5) (   8,    5) (   8,    5)
          (   8,    5) (   8,    5) (   8,    5) (   8,    5) (   8,    5) (   8,    5) (   8,    5) (   8,    5) (   8,    5) (   8,    5)
          (   8,    5) (   8,    5) (   8,    5) (   8,    5) (   8,    5) (   8,    5) (   8,    5) (   8,    5) (   8,    5) (   8,    5)
          (   8,    5) (   8,    5) (   8,    5) (   8,    5) (   8,    5) (   8,    5) (   8,    5) (   8,    5) (   8,    5) (   8,    5)
          (   8,    5) (   8,    5) (   8,    5) (   8,    5) (   8,    5) (   8,    5) (   8,    5) (   8,    5) (   8,    5) (   8,    5)
          (   8,    5) (   8,    5) (   8,    5) (   8,    5) (   8,    5) (   8,    5) (   8,    5) (   8,    5) (   8,    5) (   8,    5)
          (   8,    5) (   8,    5) (   8,    5) (   8,    5) (   8,    5) (   8,    5) (   8,    5) (   8,    5) (   8,    5) (   8,    5)
          (   8,    5) (   8,    5) (   8,    5) (   8,    5) (   8,    5) (   8,    5) (   8,    5) (   8,    5) (   8,    5) (   8,    5)
         
node   5 sent_total   4828  recv_total   3269

node   6  (   0,    0) (   0,    0) (   0,    0) (   0,    0) (   0,    0) (   0,    0) (   0,    0) (   0,    0) (   0,    0) (   0,    0)
          (   0,    0) (   0,    0) (   0,    0) (   0,    0) (   0,    0) (   0,    0) (   0,    0) (   0,    0) (   0,    0) (   0,    0)
          (   0,    0) (   0,    0) (   0,    0) (   0,    0) (   0,    0) (   0,    0) (   0,    0) (   0,    0) (   0,    0) (   0,    0)
          (   0,    0) (   0,    0) (   0,    0) (   0,    0) (   0,    0) (   0,    0) (   0,    0) (   0,    0) (   0,    0) (   0,    0)
          (   0,    0) (   0,    0) (   0,    0) (   0,    0) (   0,    0) (   0,    0) (   0,    0) (   0,    0) (   0,    0) (   0,    0)
          (   0,    0) (   0,    0) (   0,    0) (   0,    0) (   0,    0) (   0,    0) (   0,    0) (   0,    0) (   0,    0) (   0,    0)
          (   0,    0) (   0,    0) (   0,    0) (   0,    0) (   0,    0) (   0,    0) (   0,    0) (   0,    0) (   0,    0) (   0,    0)
          (   0,    0) (   0,    0) (   0,    0) (   0,    0) (   0,    0) (   0,    0) (   0,    0) (   0,    0) (   0,    0) (   0,    0)
          (   0,    0) (   0,    0) (   0,    0) (   0,    0) (   0,    0) (   0,    0) (   0,    0) (   0,    0) (   0,    0) (   0,    0)
          (   0,    0) (   0,    0) (   0,    0) (   0,    0) (   0,    0) (   0,    0) (   0,    0) (   0,    0) (   0,    0) (   0,    0)
          (  27,    0) (  37,   37) (   5,   27) (   5,    3) (   5,    3) (   5,    3) (   5,    3) (   5,    3) (   5,    3) (   5,    3)
          (   5,    3) (   5,    3) (   5,    3) (   5,    3) (   5,    3) (   5,    3) (   5,    3) (   5,    3) (   5,    3) (   5,    3)
          (   5,    3) (   5,    3) (   5,    3) (   5,    3) (   5,    3) (   5,    3) (   5,    3) (   5,    3) (   5,    3) (   5,    3)
          (   5,    3) (   5,    3) (   5,    3) (   5,    3) (   5,    3) (   5,    3) (   5,    3) (   5,    3) (   5,    3) (   5,    3)
          (   5,    3) (   5,    3) (   5,    3) (   5,    3) (   5,    3) (   5,    3) (   5,    3) (   5,    3) (   5,    3) (   5,    3)
          (   5,    3) (   5,    3) (   5,    3) (   5,    3) (   5,    3) (   5,    3) (   5,    3) (   5,    3) (   5,    3) (   5,    3)
          (   5,    3) (   5,    3) (   5,    3) (   5,    3) (   5,    3) (   5,    3) (   5,    3) (   5,    3) (   5,    3) (   5,    3)
          (   5,    3) (   5,    3) (   5,    3) (   5,    3) (   5,    3) (   5,    3) (   5,    3) (   5,    3) (   5,    3) (   5,    3)
          (   5,    3) (   5,    3) (   5,    3) (   5,    3) (   5,    3) (   5,    3) (   5,    3) (   5,    3) (   5,    3) (   5,    3)
          (   5,    3) (   5,    3) (   5,    3) (   5,    3) (   5,    3) (   5,    3) (   5,    3) (   5,    3) (   5,    3) (   5,    3)
          (   5,    3) (   5,    0) (   5,    3) (   5,    3) (   5,    3) (   5,    3) (   5,    3) (   5,    3) (   5,    3) (   5,    3)
          (   5,    3) (   5,    3) (   5,    3) (   5,    3) (   5,    3) (   5,    3) (   5,    3) (   5,    3) (   5,    3) (   5,    3)
          (   5,    3) (   5,    3) (   5,    3) (   5,    3) (   5,    3) (   5,    3) (   5,    3) (   5,    0) (   5,    0) (   5,    0)
          (   5,    0) (   5,    0) (   5,    0) (   5,    0) (   5,    0) (   5,    0) (   5,    0) (   5,    0) (   5,    0) (   5,    0)
          (   5,    0) (   5,    0) (   5,    0) (   5,    0) (   5,    0) (   5,    0) (   5,    0) (   5,    0) (   5,    0) (   5,    0)
          (   5,    0) (   5,    0) (   5,    0) (   5,   22) (   5,    2) (   5,    2) (   5,    2) (   5,    2) (   5,    2) (   5,    2)
          (   5,    2) (   5,    2) (   5,    2) (   5,    2) (   5,    2) (   5,    2) (   5,    2) (   5,    2) (   5,    2) (   5,    2)
          (   5,    2) (   5,    2) (   5,    2) (   5,    2) (   5,    2) (   5,    2) (   6,    3) (   5,    2) (   5,    2) (   5,    2)
          (   5,    2) (   5,    2) (   5,    2) (   5,    2) (   5,    2) (   8,    2) (   6,    3) (   5,    5) (   5,    2) (   5,    2)
          (   5,    2) (   5,    2) (   5,    2) (   5,    2) (   5,    2) (   5,    2) (   5,    2) (   5,    2) (   5,    2) (   5,    2)
          (   5,    2) (   5,    2) (   5,    2) (   5,    2) (   5,    2) (   5,    2) (   5,    2) (   5,    2) (   5,    2) (   5,    2)
          (   5,    2) (   5,    2) (   7,    2) (   5,    2) (   5,    2) (   5,    2) (   5,    2) (   5,    2) (   5,    2) (   5,    2)
          (   5,    2) (   5,    2) (   5,    2) (   5,    2) (   5,    2) (   5,    2) (   5,    2) (   5,    2) (   5,    2) (   5,    2)
          (   5,    2) (   5,    2) (   5,    2) (   5,    2) (   5,    2) (   5,    2) (   5,    2) (   5,    2) (   5,    2) (   5,    2)
          (   5,    2) (   5,    2) (   5,    2) (   5,    2) (   5,    2) (   5,    2) (   5,    2) (   5,    2) (   5,    2) (   5,    2)
          (   5,    2) (   5,    2) (   5,    2) (   5,    2) (   5,    2) (   5,    2) (   5,    2) (   5,    2) (   5,    2) (   5,    2)
          (   5,    2) (   5,    2) (   5,    2) (   5,    2) (   5,    2) (   5,    2) (   5,    2) (   5,    2) (   5,    2) (   5,    2)
          (   5,    2) (   5,    2) (   5,    2) (   5,    2) (   5,    2) (   5,    2) (   5,    2) (   5,    2) (   5,    2) (   5,    2)
          (   5,    2) (   5,    2) (   5,    2) (   5,    2) (   5,    2) (   5,    2) (   5,    2) (   5,    2) (   5,    2) (   5,    2)
          (   5,    2) (   5,    2) (   5,    2) (   5,    2) (   5,    2) (   5,    2) (   5,    2) (   5,    2) (   5,    2) (   5,    2)
          (   5,    2) (   5,    2) (   5,    2) (   5,    2) (   5,    2) (   5,    2) (   5,    2) (   5,    2) (   5,    2) (   5,    2)
          (   5,    2) (   5,    2) (   5,    2) (   5,    2) (   5,    2) (   5,    2) (   5,    2) (   5,    2) (   5,    2) (   5,    2)
          (   5,    2) (   5,    2) (   5,    2) (   5,    2) (   5,    2) (   5,    2) (   5,    2) (   5,    2) (   5,    2) (   5,    2)
          (   5,    2) (   5,    2) (   5,    2) (   5,    2) (   5,    2) (   5,    2) (   5,    2) (   5,    2) (   5,    2) (   5,    2)
          (   5,    2) (   5,    2) (   5,    2) (   5,    2) (   5,    2) (   5,    2) (   5,    2) (   5,    2) (   5,    2) (   5,    2)
          (   5,    2) (   5,    2) (   5,    2) (   5,    2) (   5,    2) (   5,    2) (   5,    2) (   5,    2) (   5,    2) (   5,    2)
          (   5,    2) (   5,    2) (   5,    2) (   5,    2) (   5,    2) (   5,    2) (   5,    2) (   5,    2) (   5,    2) (   5,    2)
          (   5,    2) (   5,    2) (   5,    2) (   5,    2) (   5,    2) (   5,    2) (   5,    2) (   5,    2) (   5,    2) (   5,    2)
          (   5,    2) (   5,    2) (   5,    2) (   5,    2) (   5,    2) (   5,    2) (   5,    2) (   5,    2) (   5,    2) (   5,    2)
          (   5,    2) (   5,    2) (   5,    2) (   5,    2) (   5,    2) (   5,    2) (   5,    2) (   5,    2) (   5,    2) (   5,    2)
          (   5,    2) (   5,    2) (   5,    2) (   5,    2) (   5,    2) (   5,    2) (   5,    2) (   5,    2) (   5,    2) (   5,    2)
          (   5,    2) (   5,    2) (   5,    2) (   5,    2) (   5,    2) (   5,    2) (   5,    2) (   5,    2) (   5,    2) (   5,    2)
          (   5,    2) (   5,    2) (   5,    2) (   5,    2) (   5,    2) (   5,    2) (   5,    2) (   5,    2) (   5,    2) (   5,    2)
          (   5,    2) (   5,    2) (   5,    2) (   5,    2) (   5,    2) (   5,    2) (   5,    2) (   5,    2) (   5,    2) (   5,    2)
          (   5,    2) (   5,    2) (   5,    2) (   5,    2) (   5,    2) (   5,    2) (   5,    2) (   5,    2) (   5,    2) (   5,    2)
          (   5,    2) (   5,    2) (   5,    2) (   5,    2) (   5,    2) (   5,    2) (   5,    2) (   5,    2) (   5,    2) (   5,    2)
          (   5,    2) (   5,    2) (   5,    2) (   5,    2) (   5,    2) (   5,    2) (   5,    2) (   5,    2) (   5,    2) (   5,    2)
          (   5,    2) (   5,    2) (   5,    2) (   5,    2) (   5,    2) (   5,    2) (   5,    2) (   5,    2) (   5,    2) (   5,    2)
          (   5,    2) (   5,    2) (   5,    2) (   5,    2) (   5,    2) (   5,    2) (   5,    2) (   5,    2) (   5,    2) (   5,    2)
          (   5,    2) (   5,    2) (   5,    2) (   5,    2) (   5,    2) (   5,    2) (   5,    2) (   5,    2) (   5,    2) (   5,    2)
          (   5,    2) (   5,    2) (   5,    2) (   5,    2) (   5,    2) (   5,    2) (   5,    2) (   5,    2) (   5,    2) (   5,    2)
          (   5,    2) (   5,    2) (   5,    2) (   5,    2) (   5,    2) (   5,    2) (   5,    2) (   5,    2) (   5,    2) (   5,    2)
          (   5,    2) (   5,    2) (   5,    2) (   5,    2) (   5,    2) (   5,    2) (   5,    2) (   5,    2) (   5,    2) (   5,    2)
          (   5,    2) (   5,    2) (   5,    2) (   5,    2) (   5,    2) (   5,    2) (   5,    2) (   5,    2) (   5,    2) (   5,    2)
          (   5,    2) (   5,    2) (   5,    2) (   5,    2) (   5,    2) (   5,    2) (   5,    2) (   5,    2) (   5,    2) (   5,    2)
          (   5,    2) (   5,    2) (   5,    2) (   5,    2) (   5,    2) (   5,    2) (   5,    2) (   5,    2) (   5,    2) (   5,    2)
          (   5,    2) (   5,    2) (   5,    2) (   5,    2) (   5,    2) (   5,    2) (   5,    2) (   5,    2) (   5,    2) (   5,    2)
          (   5,    2) (   5,    2) (   5,    2) (   5,    2) (   5,    2) (   5,    2) (   5,    2) (   5,    2) (   5,    2) (   5,    2)
          (   5,    2) (   5,    2) (   5,    2) (   5,    2) (   5,    2) (   5,    2) (   5,    2) (   5,    2) (   5,    2) (   5,    2)
          (   5,    2) (   5,    2) (   5,    2) (   5,    2) (   5,    2) (   5,    2) (   5,    2) (   5,    2) (   5,    2) (   5,    2)
         
node   6 sent_total   3061  recv_total   1352

node   7  (   0,    0) (   0,    0) (   0,    0) (   0,    0) (   0,    0) (   0,    0) (   0,    0) (   0,    0) (   0,    0) (   0,    0)
          (   0,    0) (   0,    0) (   0,    0) (   0,    0) (   0,    0) (   0,    0) (   0,    0) (   0,    0) (   0,    0) (   0,    0)
          (   0,    0) (   0,    0) (   0,    0) (   0,    0) (   0,    0) (   0,    0) (   0,    0) (   0,    0) (   0,    0) (   0,    0)
          (   0,    0) (   0,    0) (   0,    0) (   0,    0) (   0,    0) (   0,    0) (   0,    0) (   0,    0) (   0,    0) (   0,    0)
          (   0,    0) (   0,    0) (   0,    0) (   0,    0) (   0,    0) (   0,    0) (   0,    0) (   0,    0) (   0,    0) (   0,    0)
          (   0,    0) (   0,    0) (   0,    0) (   0,    0) (   0,    0) (   0,    0) (   0,    0) (   0,    0) (   0,    0) (   0,    0)
          (   0,    0) (   0,    0) (   0,    0) (   0,    0) (   0,    0) (   0,    0) (   0,    0) (   0,    0) (   0,    0) (   0,    0)
          (   0,    0) (   0,    0) (   0,    0) (   0,    0) (   0,    0) (   0,    0) (   0,    0) (   0,    0) (   0,    0) (   0,    0)
          (   0,    0) (   0,    0) (   0,    0) (   0,    0) (   0,    0) (   0,    0) (   0,    0) (   0,    0) (   0,    0) (   0,    0)
          (   0,    0) (   0,    0) (   0,    0) (   0,    0) (   0,    0) (   0,    0) (   0,    0) (   0,    0) (   0,    0) (   0,    0)
          (  27,    0) (  32,   32) (  17,   32) (  17,    5) (  17,    5) (  17,    5) (  17,    5) (  17,    5) (  17,    5) (  17,    5)
          (  17,    5) (  17,    5) (  17,    5) (  17,    5) (  17,    5) (  17,    5) (  17,    5) (  17,    5) (  17,    5) (  17,    5)
          (  17,    5) (  17,    5) (  17,    5) (  17,    5) (  17,    5) (  17,    5) (  17,    5) (  17,    5) (  17,    5) (  17,    5)
          (  17,    5) (  17,    5) (  17,    5) (  17,    5) (  17,    5) (  17,    5) (  17,    5) (  17,    5) (  17,    5) (  17,    5)
          (  17,    5) (  17,    5) (  17,    5) (  17,    5) (  17,    5) (  17,    5) (  17,    5) (  17,    5) (  17,    5) (  17,    5)
          (  17,    5) (  17,    5) (  17,    5) (  17,    5) (  17,    5) (  17,    5) (  17,    5) (  17,    5) (  17,    5) (  17,    5)
          (  17,    5) (  17,    5) (  17,    5) (  17,    5) (  17,    5) (  17,    5) (  17,    5) (  17,    5) (  17,    5) (  17,    5)
          (  17,    5) (  17,    5) (  17,    5) (  17,    5) (  17,    5) (  17,    5) (  17,    5) (  17,    5) (  17,    5) (  17,    5)
          (  17,    5) (  17,    5) (  17,    5) (  17,    5) (  17,    5) (  17,    5) (  17,    5) (  17,    5) (  17,    5) (  17,    5)
          (  17,    5) (  17,    5) (  17,    5) (  17,    5) (  17,    5) (  17,    5) (  17,    5) (  17,    5) (  17,    5) (  17,    5)
          (  17,    5) (  17,    5) (  17,    5) (  17,    5) (  17,    5) (  17,    5) (  17,    5) (  17,    5) (  17,    5) (  17,    5)
          (  17,    5) (  17,    5) (  17,    5) (  17,    5) (  17,    5) (  17,    5) (  17,    5) (  17,    5) (  17,    5) (  17,    5)
          (  17,    5) (  17,    5) (  17,    5) (  17,    5) (  17,    5) (  17,    5) (  17,    5) (  17,    5) (  17,    5) (  17,    5)
          (  17,    5) (  17,    5) (  17,    5) (  17,    5) (  17,    5) (  17,    5) (  17,    5) (  17,    5) (  17,    5) (  17,    5)
          (  17,    5) (  17,    5) (  17,    5) (  17,    5) (  17,    5) (  17,    5) (  17,    5) (  17,    5) (  17,    5) (  17,    5)
          (  17,    5) (  17,    5) (  17,    5) (  17,    5) (  17,    5) (  17,    5) (  17,    5) (  17,    5) (  17,    5) (  17,    5)
          (  17,    5) (  17,    5) (  17,    5) (  17,    5) (  17,    5) (  17,    5) (  17,    5) (  17,    5) (  17,    5) (  17,    5)
          (  17,    5) (  17,    5) (  17,    5) (  17,    5) (  17,    5) (  17,    5) (  17,    5) (  17,    5) (  17,    5) (  17,    5)
          (  17,    5) (  17,    5) (  17,    5) (  17,    5) (  17,    5) (  17,    5) (  18,    6) (  17,    5) (  17,    5) (  17,    5)
          (  17,    5) (  17,    5) (  17,    5) (  17,    5) (  17,    5) (  17,    5) (  17,    5) (  17,    5) (  17,    5) (  17,    5)
          (  17,    5) (  17,    5) (  17,    5) (  17,    5) (  17,    5) (  17,    5) (  17,    5) (   0,   10) (  17,   30) (  17,   30)
          (  17,   30) (  17,   30) (  17,   25) (  17,   25) (  17,   25) (  17,   25) (  17,   25) (  17,   25) (  17,   25) (  17,   25)
          (  17,   25) (  17,   25) (  17,   25) (  17,   25) (  17,   25) (  17,   25) (  17,   25) (  17,   25) (  17,   25) (  17,   25)
          (  17,   25) (  17,   25) (  17,   25) (  17,   25) (  17,   25) (  17,   25) (  17,   25) (  17,   25) (  17,   25) (  17,   25)
          (  17,   25) (  17,   25) (  17,   25) (  17,   25) (  17,   25) (  17,   25) (  17,   25) (  17,   25) (  17,   25) (  17,   25)
          (  17,   25) (  17,   25) (  17,   25) (  17,   25) (  17,   25) (  17,   25) (  17,   25) (  17,   25) (  17,   25) (  17,   25)
          (  17,   25) (  17,   25) (  17,   25) (  17,   25) (  17,   25) (  17,   25) (  17,   25) (  17,   25) (  17,   25) (  17,   25)
          (  17,   25) (  17,   25) (  17,   25) (  17,   25) (  17,   25) (  17,   25) (  17,   25) (  17,   25) (  17,   25) (  17,   25)
          (  17,   25) (  17,   25) (  17,   25) (  17,   25) (  17,   25) (  17,   25) (  17,   25) (  17,   25) (  17,   25) (  17,   25)
          (  17,   25) (  17,   25) (  17,   25) (  17,   25) (  17,   25) (  17,   25) (  17,   25) (  17,   25) (  17,   25) (  17,   25)
          (  17,   25) (  17,   25) (  17,   25) (  17,   25) (  17,   25) (  17,   25) (  17,   25) (  17,   25) (  17,   25) (  17,   25)
          (  17,   25) (  17,   25) (  17,   25) (  17,   25) (  17,   25) (  17,   25) (  17,   25) (  17,   25) (  17,   25) (  17,   25)
          (  17,   25) (  17,   25) (  17,   25) (  17,   25) (  17,   25) (  17,   25) (  17,   25) (  17,   25) (  17,   25) (  17,   25)
          (  17,   25) (  17,   25) (  17,   25) (  17,   25) (  17,   25) (  17,   25) (  17,   25) (  17,   25) (  17,   25) (  17,   25)
          (  17,   25) (  17,   25) (  17,   25) (  17,   25) (  17,   25) (  17,   25) (  17,   25) (  17,   25) (  17,   25) (  17,   25)
          (  17,   25) (  17,   25) (  17,   25) (  17,   25) (  17,   25) (  17,   25) (  17,   25) (  17,   25) (  17,   25) (  17,   25)
          (  17,   25) (  17,   25) (  17,   25) (  17,   25) (  17,   25) (  17,   25) (  17,   25) (  17,   25) (  17,   25) (  17,   25)
          (  17,   25) (  17,   25) (  17,   25) (  17,   25) (  17,   25) (  17,   25) (  17,   25) (  17,   25) (  17,   25) (  17,   25)
          (  17,   25) (  17,   25) (  17,   25) (  17,   25) (  17,   25) (  17,   25) (  17,   25) (  17,   25) (  17,   25) (  17,   25)
          (  17,   25) (  17,   25) (  17,   25) (  17,   25) (  17,   25) (  17,   25) (  17,   25) (  17,   25) (  17,   25) (  17,   25)
          (  17,   25) (  17,   25) (  17,   25) (  17,   25) (  17,   25) (  17,   25) (  17,   25) (  17,   25) (  17,   25) (  17,   25)
          (  17,   25) (  17,   25) (  17,   25) (  17,   25) (  17,   25) (  17,   25) (  17,   25) (  17,   25) (  17,   25) (  17,   25)
          (  17,   25) (  17,   25) (  17,   25) (  17,   25) (  17,   25) (  17,   25) (  17,   25) (  17,   25) (  17,   25) (  17,   25)
          (  17,   25) (  17,   25) (  17,   25) (  17,   25) (  17,   25) (  17,   25) (  17,   25) (  17,   25) (  17,   25) (  17,   25)
          (  17,   25) (  17,   25) (  17,   25) (  17,   25) (  17,   25) (  17,   25) (  17,   25) (  17,   25) (  17,   25) (  17,   25)
          (  17,   25) (  17,   25) (  17,   25) (  17,   25) (  17,   25) (  17,   25) (  17,   25) (  17,   25) (  17,   25) (  17,   25)
          (  17,   25) (  17,   25) (  17,   25) (  17,   25) (  17,   25) (  17,   25) (  17,   25) (  17,   25) (  17,   25) (  17,   25)
          (  17,   25) (  17,   25) (  17,   25) (  17,   25) (  17,   25) (  17,   25) (  17,   25) (  17,   25) (  17,   25) (  17,   25)
          (  17,   25) (  17,   25) (  17,   25) (  17,   25) (  17,   25) (  17,   25) (  17,   25) (  17,   25) (  17,   25) (  17,   25)
          (  17,   25) (  17,   25) (  17,   25) (  17,   25) (  17,   25) (  17,   25) (  17,   25) (  17,   25) (  17,   25) (  17,   25)
          (  17,   25) (  17,   25) (  17,   25) (  17,   25) (  17,   25) (  17,   25) (  17,   25) (  17,   25) (  17,   25) (  17,   25)
          (  17,   25) (  17,   25) (  17,   25) (  17,   25) (  17,   25) (  17,   25) (  17,   25) (  17,   25) (  17,   25) (  17,   25)
          (  17,   25) (  17,   25) (  17,   25) (  17,   25) (  17,   25) (  17,   25) (  17,   25) (  17,   25) (  17,   25) (  17,   25)
          (  17,   25) (  17,   25) (  17,   25) (  17,   25) (  17,   25) (  17,   25) (  17,   25) (  17,   25) (  17,   25) (  17,   25)
          (  17,   25) (  17,   25) (  17,   25) (  17,   25) (  17,   25) (  17,   25) (  17,   25) (  17,   25) (  17,   25) (  17,   25)
          (  17,   25) (  17,   25) (  17,   25) (  17,   25) (  17,   25) (  17,   25) (  17,   25) (  17,   25) (  17,   25) (  17,   25)
          (  17,   25) (  17,   25) (  17,   25) (  17,   25) (  17,   25) (  17,   25) (  17,   25) (  17,   25) (  17,   25) (  17,   25)
          (  17,   25) (  17,   25) (  17,   25) (  17,   25) (  17,   25) (  17,   25) (  17,   25) (  17,   25) (  17,   25) (  17,   25)
          (  17,   25) (  17,   25) (  17,   25) (  17,   25) (  17,   25) (  17,   25) (  17,   25) (  17,   25) (  17,   25) (  17,   25)
          (  17,   25) (  17,   25) (  17,   25) (  17,   25) (  17,   25) (  17,   25) (  17,   25) (  17,   25) (  17,   25) (  17,   25)
         
node   7 sent_total  10209  recv_total  10915

node   8  (   0,    0) (   0,    0) (   0,    0) (   0,    0) (   0,    0) (   0,    0) (   0,    0) (   0,    0) (   0,    0) (   0,    0)
          (   0,    0) (   0,    0) (   0,    0) (   0,    0) (   0,    0) (   0,    0) (   0,    0) (   0,    0) (   0,    0) (   0,    0)
          (   0,    0) (   0,    0) (   0,    0) (   0,    0) (   0,    0) (   0,    0) (   0,    0) (   0,    0) (   0,    0) (   0,    0)
          (   0,    0) (   0,    0) (   0,    0) (   0,    0) (   0,    0) (   0,    0) (   0,    0) (   0,    0) (   0,    0) (   0,    0)
          (   0,    0) (   0,    0) (   0,    0) (   0,    0) (   0,    0) (   0,    0) (   0,    0) (   0,    0) (   0,    0) (   0,    0)
          (   0,    0) (   0,    0) (   0,    0) (   0,    0) (   0,    0) (   0,    0) (   0,    0) (   0,    0) (   0,    0) (   0,    0)
          (   0,    0) (   0,    0) (   0,    0) (   0,    0) (   0,    0) (   0,    0) (   0,    0) (   0,    0) (   0,    0) (   0,    0)
          (   0,    0) (   0,    0) (   0,    0) (   0,    0) (   0,    0) (   0,    0) (   0,    0) (   0,    0) (   0,    0) (   0,    0)
          (   0,    0) (   0,    0) (   0,    0) (   0,    0) (   0,    0) (   0,    0) (   0,    0) (   0,    0) (   0,    0) (   0,    0)
          (   0,    0) (   0,    0) (   0,    0) (   0,    0) (   0,    0) (   0,    0) (   0,    0) (   0,    0) (   0,    0) (   0,    0)
          (  45,    0) (  33,   33) (   8,   47) (   8,    2) (   8,    2) (   8,    2) (   8,    2) (   8,    2) (   8,    2) (   8,    2)
          (   8,    2) (   8,    2) (   8,    2) (   8,    2) (   8,    2) (   8,    2) (   8,    2) (   8,    2) (   8,    2) (   8,    2)
          (   8,    2) (   8,    2) (   8,    2) (   8,    2) (   8,    2) (   8,    2) (   8,    2) (   8,    2) (   8,    2) (   8,    2)
          (   8,    2) (   8,    2) (   8,    2) (   8,    2) (   8,    2) (   8,    2) (   8,    2) (   8,    2) (   8,    2) (   8,    2)
          (   8,    2) (   8,    2) (   8,    2) (   8,    2) (   8,    2) (   8,    2) (   8,    2) (   8,    2) (   8,    2) (   8,    2)
          (   8,    2) (   9,    3) (   8,    2) (   8,    2) (   8,    2) (   8,    2) (   8,    2) (   8,    2) (   8,    2) (   8,    2)
          (   8,    2) (   8,    2) (   8,    2) (   8,    2) (   8,    2) (   8,    2) (   8,    2) (   8,    2) (   8,    2) (   8,    2)
          (   8,    2) (   8,    2) (   8,    2) (   8,    2) (   8,    2) (   8,    2) (   0,    0) (   0,    0) (   0,    0) (   0,    0)
          (   0,    0) (   0,    0) (   0,    0) (   0,    0) (   0,    0) (   0,    0) (   0,    0) (   0,    0) (   0,    0) (   0,    0)
          (   0,    0) (   0,    0) (   0,    0) (   0,    0) (   0,    0) (   0,    0) (   0,    0) (   0,    0) (   0,    0) (   0,    0)
          (   0,    0) (   0,    0) (   0,    0) (   0,    0) (   0,    0) (   0,    0) (   0,    0) (   0,    0) (   0,    0) (   0,    0)
          (   0,    0) (   0,    0) (   0,    0) (   0,    0) (   0,    0) (   0,    0) (   0,    0) (   0,    0) (   0,    0) (   0,    0)
          (   0,    0) (   0,    0) (   0,    0) (   0,    0) (   0,    0) (   0,    0) (   0,    0) (   0,    0) (   0,    0) (   0,    0)
          (   0,    0) (   0,    0) (   0,    0) (   0,    0) (   0,    0) (   0,    0) (   0,    0) (   0,    0) (   0,    0) (   0,    0)
          (   0,    0) (   0,    0) (   0,    0) (   0,    0) (   0,    0) (   0,    0) (   0,    0) (   0,    0) (   0,    0) (   0,    0)
          (   0,    0) (   0,    0) (   0,    0) (   0,    0) (   0,    0) (   0,    0) (   0,    0) (   0,    0) (   0,    0) (   0,    0)
          (   0,    0) (   0,    0) (   0,    0) (   0,    0) (   0,    0) (   0,    0) (   0,    0) (   0,    0) (   0,    0) (   0,    0)
          (   0,    0) (   0,    0) (   0,    0) (   0,    0) (   0,    0) (   0,    0) (   0,    0) (   0,    0) (   0,    0) (   0,    0)
          (   0,    0) (   0,    0) (   0,    0) (   0,    0) (   0,    0) (   0,    0) (   0,    0) (   0,    0) (   0,    0) (   0,    0)
          (   0,    0) (   0,    0) (   0,    0) (   0,    0) (   0,    0) (   0,    0) (   0,    0) (   0,    0) (   0,    0) (   0,    0)
          (   0,    0) (   0,    0) (   0,    0) (   0,    0) (   0,    0) (   0,    0) (   0,    0) (   0,    0) (   0,    0) (   0,    0)
          (   0,    0) (   0,    0) (   0,    0) (   0,    0) (   0,    0) (   0,    0) (   0,    0) (   0,    0) (   0,    0) (   0,    0)
          (   0,    0) (   0,    0) (   0,    0) (   0,    0) (   0,    0) (   0,    0) (   0,    0) (   0,    0) (   0,    0) (   0,    0)
          (   0,    0) (   0,    0) (   0,    0) (   0,    0) (   0,    0) (   0,    0) (   0,    0) (   0,    0) (   0,    0) (   0,    0)
          (   0,    0) (   0,    0) (   0,    0) (   0,    0) (   0,    0) (   0,    0) (   0,    0) (   0,    0) (   0,    0) (   0,    0)
          (   0,    0) (   0,    0) (   0,    0) (   0,    0) (   0,    0) (   0,    0) (   0,    0) (   0,    0) (   0,    0) (   0,    0)
          (   0,    0) (   0,    0) (   0,    0) (   0,    0) (   0,    0) (   0,    0) (   0,    0) (   0,    0) (   0,    0) (   0,    0)
          (   0,    0) (   0,    0) (   0,    0) (   0,    0) (   0,    0) (   0,    0) (   0,    0) (   0,    0) (   0,    0) (   0,    0)
          (   0,    0) (   0,    0) (   0,    0) (   0,    0) (   0,    0) (   0,    0) (   0,    0) (   0,    0) (   0,    0) (   0,    0)
          (   0,    0) (   0,    0) (   0,    0) (   0,    0) (   0,    0) (   0,    0) (   0,    0) (   0,    0) (   0,    0) (   0,    0)
          (   0,    0) (   0,    0) (   0,    0) (   0,    0) (   0,    0) (   0,    0) (   0,    0) (   0,    0) (   0,    0) (   0,    0)
          (   0,    0) (   0,    0) (   0,    0) (   0,    0) (   0,    0) (   0,    0) (   0,    0) (   0,    0) (   0,    0) (   0,    0)
          (   0,    0) (   0,    0) (   0,    0) (   0,    0) (   0,    0) (   0,    0) (   0,    0) (   0,    0) (   0,    0) (   0,    0)
          (   0,    0) (   0,    0) (   0,    0) (   0,    0) (   0,    0) (   0,    0) (   0,    0) (   0,    0) (   0,    0) (   0,    0)
          (   0,    0) (   0,    0) (   0,    0) (   0,    0) (   0,    0) (   0,    0) (   0,    0) (   0,    0) (   0,    0) (   0,    0)
          (   0,    0) (   0,    0) (   0,    0) (   0,    0) (   0,    0) (   0,    0) (   0,    0) (   0,    0) (   0,    0) (   0,    0)
          (   0,    0) (   0,    0) (   0,    0) (   0,    0) (   0,    0) (   0,    0) (   0,    0) (   0,    0) (   0,    0) (   0,    0)
          (   0,    0) (   0,    0) (   0,    0) (   0,    0) (   0,    0) (   0,    0) (   0,    0) (   0,    0) (   0,    0) (   0,    0)
          (   0,    0) (   0,    0) (   0,    0) (   0,    0) (   0,    0) (   0,    0) (   0,    0) (   0,    0) (   0,    0) (   0,    0)
          (   0,    0) (   0,    0) (   0,    0) (   0,    0) (   0,    0) (   0,    0) (   0,    0) (   0,    0) (   0,    0) (   0,    0)
          (   0,    0) (   0,    0) (   0,    0) (   0,    0) (   0,    0) (   0,    0) (   0,    0) (   0,    0) (   0,    0) (   0,    0)
          (   0,    0) (   0,    0) (   0,    0) (   0,    0) (   0,    0) (   0,    0) (   0,    0) (   0,    0) (   0,    0) (   0,    0)
          (   0,    0) (   0,    0) (   0,    0) (   0,    0) (   0,    0) (   0,    0) (   0,    0) (   0,    0) (   0,    0) (   0,    0)
          (   0,    0) (   0,    0) (   0,    0) (   0,    0) (   0,    0) (   0,    0) (   0,    0) (   0,    0) (   0,    0) (   0,    0)
          (   0,    0) (   0,    0) (   0,    0) (   0,    0) (   0,    0) (   0,    0) (   0,    0) (   0,    0) (   0,    0) (   0,    0)
          (   0,    0) (   0,    0) (   0,    0) (   0,    0) (   0,    0) (   0,    0) (   0,    0) (   0,    0) (   0,    0) (   0,    0)
          (   0,    0) (   0,    0) (   0,    0) (   0,    0) (   0,    0) (   0,    0) (   0,    0) (   0,    0) (   0,    0) (   0,    0)
          (   0,    0) (   0,    0) (   0,    0) (   0,    0) (   0,    0) (   0,    0) (   0,    0) (   0,    0) (   0,    0) (   0,    0)
          (   0,    0) (   0,    0) (   0,    0) (   0,    0) (   0,    0) (   0,    0) (   0,    0) (   0,    0) (   0,    0) (   0,    0)
          (   0,    0) (   0,    0) (   0,    0) (   0,    0) (   0,    0) (   0,    0) (   0,    0) (   0,    0) (   0,    0) (   0,    0)
          (   0,    0) (   0,    0) (   0,    0) (   0,    0) (   0,    0) (   0,    0) (   0,    0) (   0,    0) (   0,    0) (   0,    0)
          (   0,    0) (   0,    0) (   0,    0) (   0,    0) (   0,    0) (   0,    0) (   0,    0) (   0,    0) (   0,    0) (   0,    0)
          (   0,    0) (   0,    0) (   0,    0) (   0,    0) (   0,    0) (   0,    0) (   0,    0) (   0,    0) (   0,    0) (   0,    0)
          (   0,    0) (   0,    0) (   0,    0) (   0,    0) (   0,    0) (   0,    0) (   0,    0) (   0,    0) (   0,    0) (   0,    0)
          (   0,    0) (   0,    0) (   0,    0) (   0,    0) (   0,    0) (   0,    0) (   0,    0) (   0,    0) (   0,    0) (   0,    0)
          (   0,    0) (   0,    0) (   0,    0) (   0,    0) (   0,    0) (   0,    0) (   0,    0) (   0,    0) (   0,    0) (   0,    0)
          (   0,    0) (   0,    0) (   0,    0) (   0,    0) (   0,    0) (   0,    0) (   0,    0) (   0,    0) (   0,    0) (   0,    0)
          (   0,    0) (   0,    0) (   0,    0) (   0,    0) (   0,    0) (   0,    0) (   0,    0) (   0,    0) (   0,    0) (   0,    0)
          (   0,    0) (   0,    0) (   0,    0) (   0,    0) (   0,    0) (   0,    0) (   0,    0) (   0,    0) (   0,    0) (   0,    0)
          (   0,    0) (   0,    0) (   0,    0) (   0,    0) (   0,    0) (   0,    0) (   0,    0) (   0,    0) (   0,    0) (   0,    0)
         
node   8 sent_total    671  recv_total    227

node   9  (   0,    0) (   0,    0) (   0,    0) (   0,    0) (   0,    0) (   0,    0) (   0,    0) (   0,    0) (   0,    0) (   0,    0)
          (   0,    0) (   0,    0) (   0,    0) (   0,    0) (   0,    0) (   0,    0) (   0,    0) (   0,    0) (   0,    0) (   0,    0)
          (   0,    0) (   0,    0) (   0,    0) (   0,    0) (   0,    0) (   0,    0) (   0,    0) (   0,    0) (   0,    0) (   0,    0)
          (   0,    0) (   0,    0) (   0,    0) (   0,    0) (   0,    0) (   0,    0) (   0,    0) (   0,    0) (   0,    0) (   0,    0)
          (   0,    0) (   0,    0) (   0,    0) (   0,    0) (   0,    0) (   0,    0) (   0,    0) (   0,    0) (   0,    0) (   0,    0)
          (   0,    0) (   0,    0) (   0,    0) (   0,    0) (   0,    0) (   0,    0) (   0,    0) (   0,    0) (   0,    0) (   0,    0)
          (   0,    0) (   0,    0) (   0,    0) (   0,    0) (   0,    0) (   0,    0) (   0,    0) (   0,    0) (   0,    0) (   0,    0)
          (   0,    0) (   0,    0) (   0,    0) (   0,    0) (   0,    0) (   0,    0) (   0,    0) (   0,    0) (   0,    0) (   0,    0)
          (   0,    0) (   0,    0) (   0,    0) (   0,    0) (   0,    0) (   0,    0) (   0,    0) (   0,    0) (   0,    0) (   0,    0)
          (   0,    0) (   0,    0) (   0,    0) (   0,    0) (   0,    0) (   0,    0) (   0,    0) (   0,    0) (   0,    0) (   0,    0)
          (  33,    0) (  32,   32) (  22,   36) (  22,    3) (  22,    3) (  22,    3) (  22,    3) (  22,    3) (  22,    3) (  22,    3)
          (  22,    3) (  22,    3) (  22,    3) (  22,    3) (  22,    3) (  22,    3) (  22,    3) (  22,    3) (  22,    3) (  22,    3)
          (  22,    3) (  22,    3) (  22,    3) (  22,    3) (  22,    3) (  22,    3) (  22,    3) (  22,    3) (  22,    3) (  22,    3)
          (  22,    3) (  22,    3) (  22,    3) (  22,    3) (  22,    3) (  22,    3) (  22,    3) (  22,    3) (  22,    3) (  22,    3)
          (  22,    3) (  22,    3) (  22,    3) (  22,    3) (  22,    3) (  22,    3) (  22,    3) (  22,    3) (  22,    3) (  22,    3)
          (  22,    3) (  23,    4) (  22,    3) (  22,    3) (  22,    3) (  22,    3) (  22,    3) (  22,    3) (  22,    3) (  22,    3)
          (  22,    3) (  22,    3) (  22,    3) (  22,    3) (  22,    3) (  22,    3) (  22,    3) (  22,    3) (  22,    3) (  22,    3)
          (  22,    3) (  22,    3) (  22,    3) (  22,    3) (  22,    3) (  22,    3) (  23,    4) (  22,    3) (  22,    3) (  22,    3)
          (  22,    3) (  22,    3) (  22,    3) (  22,    3) (  22,    3) (  22,    3) (  22,    3) (  22,    3) (  22,    3) (  22,    3)
          (  22,    3) (  22,    3) (  22,    3) (  22,    3) (  22,    3) (  22,    3) (  22,    3) (  22,    3) (  22,    3) (  22,    3)
          (  22,    3) (  22,    3) (  22,    3) (  22,    3) (  22,    3) (   8,    3) (  22,    3) (  22,    3) (  22,    3) (  22,    3)
          (  22,    3) (  22,    3) (  22,    3) (  22,    3) (  22,    3) (  22,    3) (  22,    3) (  22,    3) (  22,    3) (  22,    3)
          (  22,    3) (  22,    3) (  22,    3) (  22,    3) (  22,    3) (  22,    3) (   0,    0) (   0,    0) (   0,    0) (   0,    0)
          (   0,    0) (   0,    0) (   0,    0) (   0,    0) (   0,    0) (   0,    0) (   0,    0) (   0,    0) (   0,    0) (   0,    0)
          (   0,    0) (   0,    0) (   0,    0) (   0,    0) (   0,    0) (   0,    0) (   0,    0) (   0,    0) (   0,    0) (   0,    0)
          (   0,    0) (   0,    0) (   0,    0) (   0,    0) (   0,    0) (   0,    0) (   0,    0) (   0,    0) (   0,    0) (   0,    0)
          (   0,    0) (   0,    0) (   0,    0) (   0,    0) (   0,    0) (   0,    0) (   0,    0) (   0,    0) (   0,    0) (   0,    0)
          (   0,    0) (   0,    0) (   0,    0) (   0,    0) (   0,    0) (   0,    0) (   0,    0) (   0,    0) (   0,    0) (   0,    0)
          (   0,    0) (   0,    0) (   0,    0) (   0,    0) (   0,    0) (   0,    0) (   0,    0) (   0,    0) (   0,    0) (   0,    0)
          (   0,    0) (   0,    0) (   0,    0) (   0,    0) (   0,    0) (   0,    0) (   0,    0) (   0,    0) (   0,    0) (   0,    0)
          (   0,    0) (   0,    0) (   0,    0) (   0,    0) (   0,    0) (   0,    0) (   0,    0) (   0,    0) (   0,    0) (   0,    0)
          (   0,    0) (   0,    0) (   0,    0) (   0,    0) (   0,    0) (   0,    0) (   0,    0) (   0,    0) (   0,    0) (   0,    0)
          (   0,    0) (   0,    0) (   0,    0) (   0,    0) (   0,    0) (   0,    0) (   0,    0) (   0,    0) (   0,    0) (   0,    0)
          (   0,    0) (   0,    0) (   0,    0) (   0,    0) (   0,    0) (   0,    0) (   0,    0) (   0,    0) (   0,    0) (   0,    0)
          (   0,    0) (   0,    0) (   0,    0) (   0,    0) (   0,    0) (   0,    0) (   0,    0) (   0,    0) (   0,    0) (   0,    0)
          (   0,    0) (   0,    0) (   0,    0) (   0,    0) (   0,    0) (   0,    0) (   0,    0) (   0,    0) (   0,    0) (   0,    0)
          (   0,    0) (   0,    0) (   0,    0) (   0,    0) (   0,    0) (   0,    0) (   0,    0) (   0,    0) (   0,    0) (   0,    0)
          (   0,    0) (   0,    0) (   0,    0) (   0,    0) (   0,    0) (   0,    0) (   0,    0) (   0,    0) (   0,    0) (   0,    0)
          (   0,    0) (   0,    0) (   0,    0) (   0,    0) (   0,    0) (   0,    0) (   0,    0) (   0,    0) (   0,    0) (   0,    0)
          (   0,    0) (   0,    0) (   0,    0) (   0,    0) (   0,    0) (   0,    0) (   0,    0) (   0,    0) (   0,    0) (   0,    0)
          (   0,    0) (   0,    0) (   0,    0) (   0,    0) (   0,    0) (   0,    0) (   0,    0) (   0,    0) (   0,    0) (   0,    0)
          (   0,    0) (   0,    0) (   0,    0) (   0,    0) (   0,    0) (   0,    0) (   0,    0) (   0,    0) (   0,    0) (   0,    0)
          (   0,    0) (   0,    0) (   0,    0) (   0,    0) (   0,    0) (   0,    0) (   0,    0) (   0,    0) (   0,    0) (   0,    0)
          (   0,    0) (   0,    0) (   0,    0) (   0,    0) (   0,    0) (   0,    0) (   0,    0) (   0,    0) (   0,    0) (   0,    0)
          (   0,    0) (   0,    0) (   0,    0) (   0,    0) (   0,    0) (   0,    0) (   0,    0) (   0,    0) (   0,    0) (   0,    0)
          (   0,    0) (   0,    0) (   0,    0) (   0,    0) (   0,    0) (   0,    0) (   0,    0) (   0,    0) (   0,    0) (   0,    0)
          (   0,    0) (   0,    0) (   0,    0) (   0,    0) (   0,    0) (   0,    0) (   0,    0) (   0,    0) (   0,    0) (   0,    0)
          (   0,    0) (   0,    0) (   0,    0) (   0,    0) (   0,    0) (   0,    0) (   0,    0) (   0,    0) (   0,    0) (   0,    0)
          (   0,    0) (   0,    0) (   0,    0) (   0,    0) (   0,    0) (   0,    0) (   0,    0) (   0,    0) (   0,    0) (   0,    0)
          (   0,    0) (   0,    0) (   0,    0) (   0,    0) (   0,    0) (   0,    0) (   0,    0) (   0,    0) (   0,    0) (   0,    0)
          (   0,    0) (   0,    0) (   0,    0) (   0,    0) (   0,    0) (   0,    0) (   0,    0) (   0,    0) (   0,    0) (   0,    0)
          (   0,    0) (   0,    0) (   0,    0) (   0,    0) (   0,    0) (   0,    0) (   0,    0) (   0,    0) (   0,    0) (   0,    0)
          (   0,    0) (   0,    0) (   0,    0) (   0,    0) (   0,    0) (   0,    0) (   0,    0) (   0,    0) (   0,    0) (   0,    0)
          (   0,    0) (   0,    0) (   0,    0) (   0,    0) (   0,    0) (   0,    0) (   0,    0) (   0,    0) (   0,    0) (   0,    0)
          (   0,    0) (   0,    0) (   0,    0) (   0,    0) (   0,    0) (   0,    0) (   0,    0) (   0,    0) (   0,    0) (   0,    0)
          (   0,    0) (   0,    0) (   0,    0) (   0,    0) (   0,    0) (   0,    0) (   0,    0) (   0,    0) (   0,    0) (   0,    0)
          (   0,    0) (   0,    0) (   0,    0) (   0,    0) (   0,    0) (   0,    0) (   0,    0) (   0,    0) (   0,    0) (   0,    0)
          (   0,    0) (   0,    0) (   0,    0) (   0,    0) (   0,    0) (   0,    0) (   0,    0) (   0,    0) (   0,    0) (   0,    0)
          (   0,    0) (   0,    0) (   0,    0) (   0,    0) (   0,    0) (   0,    0) (   0,    0) (   0,    0) (   0,    0) (   0,    0)
          (   0,    0) (   0,    0) (   0,    0) (   0,    0) (   0,    0) (   0,    0) (   0,    0) (   0,    0) (   0,    0) (   0,    0)
          (   0,    0) (   0,    0) (   0,    0) (   0,    0) (   0,    0) (   0,    0) (   0,    0) (   0,    0) (   0,    0) (   0,    0)
          (   0,    0) (   0,    0) (   0,    0) (   0,    0) (   0,    0) (   0,    0) (   0,    0) (   0,    0) (   0,    0) (   0,    0)
          (   0,    0) (   0,    0) (   0,    0) (   0,    0) (   0,    0) (   0,    0) (   0,    0) (   0,    0) (   0,    0) (   0,    0)
          (   0,    0) (   0,    0) (   0,    0) (   0,    0) (   0,    0) (   0,    0) (   0,    0) (   0,    0) (   0,    0) (   0,    0)
          (   0,    0) (   0,    0) (   0,    0) (   0,    0) (   0,    0) (   0,    0) (   0,    0) (   0,    0) (   0,    0) (   0,    0)
          (   0,    0) (   0,    0) (   0,    0) (   0,    0) (   0,    0) (   0,    0) (   0,    0) (   0,    0) (   0,    0) (   0,    0)
          (   0,    0) (   0,    0) (   0,    0) (   0,    0) (   0,    0) (   0,    0) (   0,    0) (   0,    0) (   0,    0) (   0,    0)
          (   0,    0) (   0,    0) (   0,    0) (   0,    0) (   0,    0) (   0,    0) (   0,    0) (   0,    0) (   0,    0) (   0,    0)
          (   0,    0) (   0,    0) (   0,    0) (   0,    0) (   0,    0) (   0,    0) (   0,    0) (   0,    0) (   0,    0) (   0,    0)
          (   0,    0) (   0,    0) (   0,    0) (   0,    0) (   0,    0) (   0,    0) (   0,    0) (   0,    0) (   0,    0) (   0,    0)
         
node   9 sent_total   2781  recv_total    439

node  10  (   0,    0) (   0,    0) (   0,    0) (   0,    0) (   0,    0) (   0,    0) (   0,    0) (   0,    0) (   0,    0) (   0,    0)
          (   0,    0) (   0,    0) (   0,    0) (   0,    0) (   0,    0) (   0,    0) (   0,    0) (   0,    0) (   0,    0) (   0,    0)
          (   0,    0) (   0,    0) (   0,    0) (   0,    0) (   0,    0) (   0,    0) (   0,    0) (   0,    0) (   0,    0) (   0,    0)
          (   0,    0) (   0,    0) (   0,    0) (   0,    0) (   0,    0) (   0,    0) (   0,    0) (   0,    0) (   0,    0) (   0,    0)
          (   0,    0) (   0,    0) (   0,    0) (   0,    0) (   0,    0) (   0,    0) (   0,    0) (   0,    0) (   0,    0) (   0,    0)
          (   0,    0) (   0,    0) (   0,    0) (   0,    0) (   0,    0) (   0,    0) (   0,    0) (   0,    0) (   0,    0) (   0,    0)
          (   0,    0) (   0,    0) (   0,    0) (   0,    0) (   0,    0) (   0,    0) (   0,    0) (   0,    0) (   0,    0) (   0,    0)
          (   0,    0) (   0,    0) (   0,    0) (   0,    0) (   0,    0) (   0,    0) (   0,    0) (   0,    0) (   0,    0) (   0,    0)
          (   0,    0) (   0,    0) (   0,    0) (   0,    0) (   0,    0) (   0,    0) (   0,    0) (   0,    0) (   0,    0) (   0,    0)
          (   0,    0) (   0,    0) (   0,    0) (   0,    0) (   0,    0) (   0,    0) (   0,    0) (   0,    0) (   0,    0) (   0,    0)
          (  27,    0) (  36,   36) (   3,   49) (   3,   22) (   3,   22) (   3,   22) (   3,   22) (   3,   22) (   3,   22) (   3,   22)
          (   3,   22) (   3,   22) (   3,   22) (   3,   22) (   3,   22) (   3,   22) (   3,   22) (   3,   22) (   3,   22) (   3,   22)
          (   3,   22) (   3,   22) (   3,   22) (   3,   22) (   3,   22) (   3,   22) (   3,   22) (   3,   22) (   3,   22) (   3,   22)
          (   3,   22) (   3,   22) (   3,   22) (   3,   22) (   3,   22) (   3,   22) (   3,   22) (   3,   22) (   3,   22) (   3,   22)
          (   3,   22) (   3,   22) (   3,   22) (   3,   22) (   3,   22) (   3,   22) (   3,   22) (   3,   22) (   3,   22) (   3,   22)
          (   6,   22) (   3,   22) (   3,   25) (   3,   22) (   3,   22) (   3,   22) (   3,   22) (   3,   22) (   3,   22) (   3,   22)
          (   3,   22) (   3,   22) (   3,   22) (   3,   22) (   3,   22) (   3,   22) (   3,   22) (   3,   22) (   3,   22) (   3,   22)
          (   3,   22) (   3,   22) (   3,   22) (   3,   22) (   3,   22) (   3,   22) (   3,   22) (   3,   22) (   3,   22) (   3,   22)
          (   3,   22) (   3,   22) (   3,   22) (   3,   22) (   3,   22) (   3,   22) (   3,   22) (   3,   22) (   3,   22) (   3,   22)
          (   3,   22) (   3,   22) (   3,   22) (   3,   22) (   3,   22) (   3,   22) (   3,   22) (   3,   22) (   3,   22) (   3,   22)
          (   0,   22) (   3,   22) (   3,   44) (   3,   24) (   3,   24) (   3,    2) (   3,    2) (   3,    2) (   3,    2) (   3,    2)
          (   3,    2) (   3,    2) (   3,    2) (   3,    2) (   3,    2) (   3,    2) (   3,    2) (   3,    2) (   3,    2) (   3,    2)
          (   3,    2) (   3,    2) (   3,    2) (   3,    2) (   3,    2) (   3,    2) (   0,    0) (   0,    0) (   0,    0) (   0,    0)
          (   0,    0) (   0,    0) (   0,    0) (   0,    0) (   0,    0) (   0,    0) (   0,    0) (   0,    0) (   0,    0) (   0,    0)
          (   0,    0) (   0,    0) (   0,    0) (   0,    0) (   0,    0) (   0,    0) (   0,    0) (   0,    0) (   0,    0) (   0,    0)
          (   0,    0) (   0,    0) (   0,    0) (   0,    0) (   0,    0) (   0,    0) (   0,    0) (   0,    0) (   0,    0) (   0,    0)
          (   0,    0) (   0,    0) (   0,    0) (   0,    0) (   0,    0) (   0,    0) (   0,    0) (   0,    0) (   0,    0) (   0,    0)
          (   0,    0) (   0,    0) (   0,    0) (   0,    0) (   0,    0) (   0,    0) (   0,    0) (   0,    0) (   0,    0) (   0,    0)
          (   0,    0) (   0,    0) (   0,    0) (   0,    0) (   0,    0) (   0,    0) (   0,    0) (   0,    0) (   0,    0) (   0,    0)
          (   0,    0) (   0,    0) (   0,    0) (   0,    0) (   0,    0) (   0,    0) (   0,    0) (   0,    0) (   0,    0) (   0,    0)
          (   0,    0) (   0,    0) (   0,    0) (   0,    0) (   0,    0) (   0,    0) (   0,    0) (   0,    0) (   0,    0) (   0,    0)
          (   0,    0) (   0,    0) (   0,    0) (   0,    0) (   0,    0) (   0,    0) (   0,    0) (   0,    0) (   0,    0) (   0,    0)
          (   0,    0) (   0,    0) (   0,    0) (   0,    0) (   0,    0) (   0,    0) (   0,    0) (   0,    0) (   0,    0) (   0,    0)
          (   0,    0) (   0,    0) (   0,    0) (   0,    0) (   0,    0) (   0,    0) (   0,    0) (   0,    0) (   0,    0) (   0,    0)
          (   0,    0) (   0,    0) (   0,    0) (   0,    0) (   0,    0) (   0,    0) (   0,    0) (   0,    0) (   0,    0) (   0,    0)
          (   0,    0) (   0,    0) (   0,    0) (   0,    0) (   0,    0) (   0,    0) (   0,    0) (   0,    0) (   0,    0) (   0,    0)
          (   0,    0) (   0,    0) (   0,    0) (   0,    0) (   0,    0) (   0,    0) (   0,    0) (   0,    0) (   0,    0) (   0,    0)
          (   0,    0) (   0,    0) (   0,    0) (   0,    0) (   0,    0) (   0,    0) (   0,    0) (   0,    0) (   0,    0) (   0,    0)
          (   0,    0) (   0,    0) (   0,    0) (   0,    0) (   0,    0) (   0,    0) (   0,    0) (   0,    0) (   0,    0) (   0,    0)
          (   0,    0) (   0,    0) (   0,    0) (   0,    0) (   0,    0) (   0,    0) (   0,    0) (   0,    0) (   0,    0) (   0,    0)
          (   0,    0) (   0,    0) (   0,    0) (   0,    0) (   0,    0) (   0,    0) (   0,    0) (   0,    0) (   0,    0) (   0,    0)
          (   0,    0) (   0,    0) (   0,    0) (   0,    0) (   0,    0) (   0,    0) (   0,    0) (   0,    0) (   0,    0) (   0,    0)
          (   0,    0) (   0,    0) (   0,    0) (   0,    0) (   0,    0) (   0,    0) (   0,    0) (   0,    0) (   0,    0) (   0,    0)
          (   0,    0) (   0,    0) (   0,    0) (   0,    0) (   0,    0) (   0,    0) (   0,    0) (   0,    0) (   0,    0) (   0,    0)
          (   0,    0) (   0,    0) (   0,    0) (   0,    0) (   0,    0) (   0,    0) (   0,    0) (   0,    0) (   0,    0) (   0,    0)
          (   0,    0) (   0,    0) (   0,    0) (   0,    0) (   0,    0) (   0,    0) (   0,    0) (   0,    0) (   0,    0) (   0,    0)
          (   0,    0) (   0,    0) (   0,    0) (   0,    0) (   0,    0) (   0,    0) (   0,    0) (   0,    0) (   0,    0) (   0,    0)
          (   0,    0) (   0,    0) (   0,    0) (   0,    0) (   0,    0) (   0,    0) (   0,    0) (   0,    0) (   0,    0) (   0,    0)
          (   0,    0) (   0,    0) (   0,    0) (   0,    0) (   0,    0) (   0,    0) (   0,    0) (   0,    0) (   0,    0) (   0,    0)
          (   0,    0) (   0,    0) (   0,    0) (   0,    0) (   0,    0) (   0,    0) (   0,    0) (   0,    0) (   0,    0) (   0,    0)
          (   0,    0) (   0,    0) (   0,    0) (   0,    0) (   0,    0) (   0,    0) (   0,    0) (   0,    0) (   0,    0) (   0,    0)
          (   0,    0) (   0,    0) (   0,    0) (   0,    0) (   0,    0) (   0,    0) (   0,    0) (   0,    0) (   0,    0) (   0,    0)
          (   0,    0) (   0,    0) (   0,    0) (   0,    0) (   0,    0) (   0,    0) (   0,    0) (   0,    0) (   0,    0) (   0,    0)
          (   0,    0) (   0,    0) (   0,    0) (   0,    0) (   0,    0) (   0,    0) (   0,    0) (   0,    0) (   0,    0) (   0,    0)
          (   0,    0) (   0,    0) (   0,    0) (   0,    0) (   0,    0) (   0,    0) (   0,    0) (   0,    0) (   0,    0) (   0,    0)
          (   0,    0) (   0,    0) (   0,    0) (   0,    0) (   0,    0) (   0,    0) (   0,    0) (   0,    0) (   0,    0) (   0,    0)
          (   0,    0) (   0,    0) (   0,    0) (   0,    0) (   0,    0) (   0,    0) (   0,    0) (   0,    0) (   0,    0) (   0,    0)
          (   0,    0) (   0,    0) (   0,    0) (   0,    0) (   0,    0) (   0,    0) (   0,    0) (   0,    0) (   0,    0) (   0,    0)
          (   0,    0) (   0,    0) (   0,    0) (   0,    0) (   0,    0) (   0,    0) (   0,    0) (   0,    0) (   0,    0) (   0,    0)
          (   0,    0) (   0,    0) (   0,    0) (   0,    0) (   0,    0) (   0,    0) (   0,    0) (   0,    0) (   0,    0) (   0,    0)
          (   0,    0) (   0,    0) (   0,    0) (   0,    0) (   0,    0) (   0,    0) (   0,    0) (   0,    0) (   0,    0) (   0,    0)
          (   0,    0) (   0,    0) (   0,    0) (   0,    0) (   0,    0) (   0,    0) (   0,    0) (   0,    0) (   0,    0) (   0,    0)
          (   0,    0) (   0,    0) (   0,    0) (   0,    0) (   0,    0) (   0,    0) (   0,    0) (   0,    0) (   0,    0) (   0,    0)
          (   0,    0) (   0,    0) (   0,    0) (   0,    0) (   0,    0) (   0,    0) (   0,    0) (   0,    0) (   0,    0) (   0,    0)
          (   0,    0) (   0,    0) (   0,    0) (   0,    0) (   0,    0) (   0,    0) (   0,    0) (   0,    0) (   0,    0) (   0,    0)
          (   0,    0) (   0,    0) (   0,    0) (   0,    0) (   0,    0) (   0,    0) (   0,    0) (   0,    0) (   0,    0) (   0,    0)
          (   0,    0) (   0,    0) (   0,    0) (   0,    0) (   0,    0) (   0,    0) (   0,    0) (   0,    0) (   0,    0) (   0,    0)
          (   0,    0) (   0,    0) (   0,    0) (   0,    0) (   0,    0) (   0,    0) (   0,    0) (   0,    0) (   0,    0) (   0,    0)
          (   0,    0) (   0,    0) (   0,    0) (   0,    0) (   0,    0) (   0,    0) (   0,    0) (   0,    0) (   0,    0) (   0,    0)
          (   0,    0) (   0,    0) (   0,    0) (   0,    0) (   0,    0) (   0,    0) (   0,    0) (   0,    0) (   0,    0) (   0,    0)
         
node  10 sent_total    435  recv_total   2400

